2022-05-08 17:02:30 [scrapy.utils.log] INFO: Scrapy 2.5.1 started (bot: guizhouweijianwei)
2022-05-08 17:02:30 [scrapy.utils.log] INFO: Versions: lxml 4.7.1.0, libxml2 2.9.12, cssselect 1.1.0, parsel 1.6.0, w3lib 1.22.0, Twisted 21.7.0, Python 3.8.12 | packaged by conda-forge | (default, Oct 12 2021, 23:40:23) - [GCC 9.4.0], pyOpenSSL 21.0.0 (OpenSSL 1.1.1m  14 Dec 2021), cryptography 36.0.1, Platform Linux-5.4.0-1056-raspi-aarch64-with-glibc2.17
2022-05-08 17:02:30 [scrapy.utils.log] DEBUG: Using reactor: twisted.internet.epollreactor.EPollReactor
2022-05-08 17:02:30 [scrapy.crawler] INFO: Overridden settings:
{'BOT_NAME': 'guizhouweijianwei',
 'DOWNLOAD_DELAY': 3,
 'DOWNLOAD_TIMEOUT': 20,
 'FEED_EXPORT_ENCODING': 'utf-8',
 'LOG_FILE': 'logs/guizhouweijianwei/weijianwei/8ebd8578cead11ecb5e1b708da8c9b64.log',
 'NEWSPIDER_MODULE': 'guizhouweijianwei.spiders',
 'SPIDER_MODULES': ['guizhouweijianwei.spiders']}
2022-05-08 17:02:30 [scrapy.extensions.telnet] INFO: Telnet Password: 592054c201b3f4cb
2022-05-08 17:02:30 [scrapy.middleware] INFO: Enabled extensions:
['scrapy.extensions.corestats.CoreStats',
 'scrapy.extensions.telnet.TelnetConsole',
 'scrapy.extensions.memusage.MemoryUsage',
 'scrapy.extensions.logstats.LogStats']
2022-05-08 17:02:31 [scrapy.middleware] INFO: Enabled downloader middlewares:
['scrapy.downloadermiddlewares.httpauth.HttpAuthMiddleware',
 'scrapy.downloadermiddlewares.downloadtimeout.DownloadTimeoutMiddleware',
 'scrapy.downloadermiddlewares.defaultheaders.DefaultHeadersMiddleware',
 'scrapy.downloadermiddlewares.useragent.UserAgentMiddleware',
 'guizhouweijianwei.middlewares.RandomUserAgentMiddleware',
 'scrapy.downloadermiddlewares.retry.RetryMiddleware',
 'scrapy.downloadermiddlewares.redirect.MetaRefreshMiddleware',
 'scrapy.downloadermiddlewares.httpcompression.HttpCompressionMiddleware',
 'scrapy.downloadermiddlewares.redirect.RedirectMiddleware',
 'scrapy.downloadermiddlewares.cookies.CookiesMiddleware',
 'scrapy.downloadermiddlewares.httpproxy.HttpProxyMiddleware',
 'scrapy.downloadermiddlewares.stats.DownloaderStats']
2022-05-08 17:02:31 [scrapy.middleware] INFO: Enabled spider middlewares:
['scrapy.spidermiddlewares.httperror.HttpErrorMiddleware',
 'scrapy.spidermiddlewares.offsite.OffsiteMiddleware',
 'scrapy.spidermiddlewares.referer.RefererMiddleware',
 'scrapy.spidermiddlewares.urllength.UrlLengthMiddleware',
 'scrapy.spidermiddlewares.depth.DepthMiddleware']
2022-05-08 17:02:31 [py.warnings] WARNING: /root/archiconda3/envs/spider/lib/python3.8/site-packages/scrapy/utils/project.py:81: ScrapyDeprecationWarning: Use of environment variables prefixed with SCRAPY_ to override settings is deprecated. The following environment variables are currently defined: JOB, LOG_FILE, SLOT, SPIDER
  warnings.warn(

2022-05-08 17:02:31 [scrapy.middleware] INFO: Enabled item pipelines:
['guizhouweijianwei.pipelines.DuplicatesPipeline',
 'guizhouweijianwei.pipelines.MySQLPipeline',
 'guizhouweijianwei.pipelines.SendWeixinMsg']
2022-05-08 17:02:31 [scrapy.core.engine] INFO: Spider opened
2022-05-08 17:02:31 [scrapy.extensions.logstats] INFO: Crawled 0 pages (at 0 pages/min), scraped 0 items (at 0 items/min)
2022-05-08 17:02:31 [scrapy.extensions.telnet] INFO: Telnet console listening on 127.0.0.1:6023
2022-05-08 17:02:31 [scrapy.core.engine] DEBUG: Crawled (200) <GET https://wjw.guizhou.gov.cn/> (referer: None)
2022-05-08 17:02:35 [scrapy.core.engine] DEBUG: Crawled (200) <GET http://wjw.guizhou.gov.cn/xwzx_500663/fyzc/202205/t20220505_73732848.html> (referer: None)
2022-05-08 17:02:35 [scrapy.core.scraper] WARNING: Dropped: Duplicate item found: {'add_time': 1652000555,
 'issue_date': '2022-05-05 18:50:24',
 'key_words': '',
 'locations': '',
 'status': 0,
 'text': '为精准做好“外防输入、内防反弹”工作，有效控制和降低新冠肺炎疫情传播风险，现将我省对重点地区来（返）黔人员的健康管理措施提示如下。\n'
         '一、现有中高风险地区（截至2022年5月5日12时）\n'
         '风险等级\n'
         '省级\n'
         '市级\n'
         '具体地区\n'
         '公布日期\n'
         '高风险（15）\n'
         '黑龙江省（2）\n'
         '哈尔滨市（2）\n'
         '南岗区王岗镇\n'
         '4月15日\n'
         '南岗区跃进街道全域\n'
         '4月19日\n'
         '北京市（13）\n'
         '朝阳区（9）\n'
         '潘家园街道松榆里社区\n'
         '4月24日\n'
         '十八里店乡周家庄中路19号院\n'
         '4月26日\n'
         '高碑店乡方家园社区\n'
         '4月27日\n'
         '潘家园街道松榆西里社区\n'
         '4月27日\n'
         '双井街道广和南里二条\n'
         '4月26日\n'
         '建外街道北郎东社区\n'
         '4月28日\n'
         '劲松街道农光东里社区\n'
         '4月30日\n'
         '十八里店乡周家庄村\n'
         '5月3日\n'
         '金盏乡金盏嘉园二社区\n'
         '5月4日\n'
         '房山区（4）\n'
         '窦店镇于庄村\n'
         '4月27日\n'
         '窦店镇燕都世界名园社区\n'
         '4月27日\n'
         '长阳镇加州水郡东区社区金桥国际公寓\n'
         '5月3日\n'
         '窦店镇一街村\n'
         '4月30日\n'
         '中风险（100）\n'
         '黑龙江（24）\n'
         '哈尔滨市（23）\n'
         '香坊区朝阳镇前进村居民区\n'
         '4月16日\n'
         '香坊区朝阳镇永胜村居民区\n'
         '4月16日\n'
         '双城区永治街道洗涤剂家属楼小区\n'
         '4月18日\n'
         '双城区永治街道财富名苑小区\n'
         '4月18日\n'
         '南岗区海城街176号院\n'
         '4月21日\n'
         '道里区群力新苑小区C区（工农大街625号）\n'
         '4月22日\n'
         '双城区承旭街道枫桥郡小区\n'
         '4月24日\n'
         '双城区律政花园\n'
         '4月24日\n'
         '双城区金园一品小区2栋\n'
         '4月24日\n'
         '双城区金园一品小区4栋\n'
         '4月24日\n'
         '南岗区建筑街78号所在居民楼和海关街144号所在居民楼及其合围区域\n'
         '4月24日\n'
         '南岗区建筑街84号居民楼\n'
         '4月24日\n'
         '南岗区鲁商凤凰城3栋\n'
         '4月25日\n'
         '松北区浦江国际小区\n'
         '4月28日\n'
         '宾县宾州镇迎宾尚城1号高层\n'
         '4月30日\n'
         '宾县宾州镇迎宾尚城3号高层\n'
         '4月30日\n'
         '宾县宾安镇立新村李八仙屯\n'
         '4月30日\n'
         '宾县宾州镇和泓山水阳光小区14号楼\n'
         '5月3日\n'
         '宾县宾州镇和泓山水阳光小区3号楼\n'
         '5月3日\n'
         '宾县宾州镇山水庭苑小区9号楼\n'
         '5月3日\n'
         '宾县宾州镇盛鑫嘉园13号楼\n'
         '5月3日\n'
         '宾县宾州镇盛鑫嘉园14号楼\n'
         '5月3日\n'
         '宾县宾州镇鑫福家园高层\n'
         '5月3日\n'
         '牡丹江市（1）\n'
         '绥芬河市源丰经贸公司\n'
         '4月30日\n'
         '江苏省（4）\n'
         '徐州市（2）\n'
         '睢宁县景湖小区一期4号楼\n'
         '4月3日\n'
         '睢宁县李岳小区18号楼\n'
         '4月3日\n'
         '苏州市（2）\n'
         '昆山市通湖路公园壹号13幢\n'
         '4月21日\n'
         '昆山市中山路假日花苑3幢、4幢\n'
         '4月21日\n'
         '上海市（13）\n'
         '浦东新区（4）\n'
         '北蔡镇联勤村冯桥南宅\n'
         '3月22日\n'
         '北蔡镇鹏飞路411弄6号\n'
         '3月23日\n'
         '康桥镇苗桥路935弄19号\n'
         '3月24日\n'
         '北蔡镇御北路235号\n'
         '3月26日\n'
         '闵行区（3）\n'
         '梅陇镇行南村三队\n'
         '3月24日\n'
         '华漕镇许浦村三队\n'
         '3月24日\n'
         '梅陇镇许泾村八组\n'
         '3月23日\n'
         '黄埔区（2）\n'
         '打浦桥街道顺昌路612弄20号\n'
         '3月18日\n'
         '日京路88号\n'
         '3月20日\n'
         '嘉定区（2）\n'
         '马陆镇康年路261号工地宿舍\n'
         '3月20日\n'
         '江桥镇增建村柴中村民组\n'
         '3月23日\n'
         '崇明区（2）\n'
         '长兴镇长明村21队\n'
         '3月20日\n'
         '长兴镇新港村15队\n'
         '3月23日\n'
         '吉林省（1）\n'
         '白城市（1）\n'
         '白城师范学院校园\n'
         '4月22日\n'
         '河北省（1）\n'
         '邢台市（1）\n'
         '南和区史召乡李牌村片区（史召乡果寨村以北、340国道以南、留垒河以西、史召桥村以东合围区域）\n'
         '4月20日\n'
         '河南省（2)\n'
         '信阳市（2）\n'
         '固始县石佛店镇漂桥村\n'
         '4月26日\n'
         '固始县张广庙镇龙井村\n'
         '4月26日\n'
         '湖南省（4）\n'
         '邵阳市（4）\n'
         '双清区石桥街道裕丰家园小区（1期）\n'
         '5月4日\n'
         '双清区小江湖街道清泉花园小区\n'
         '5月4日\n'
         '北塔区陈家桥镇杨旗岭社区馨竹园小区\n'
         '5月4日\n'
         '北塔区陈家桥镇杨旗岭社区安置小区\n'
         '5月4日\n'
         '内蒙古自治区（4）\n'
         '呼伦贝尔市（4）\n'
         '满洲里市南区街道\n'
         '4月23日\n'
         '满洲里市北区街道\n'
         '4月24日\n'
         '满洲里市兴华街道\n'
         '4月24日\n'
         '满洲里市东山街道\n'
         '4月25日\n'
         '北京市（34）\n'
         '朝阳区（16）\n'
         '潘家园街道松榆东里社区\n'
         '4月24日\n'
         '垡头街道垡头西里社区\n'
         '4月25日\n'
         '三间房乡艺水芳园社区\n'
         '4月25日\n'
         '南磨房乡南新园社区\n'
         '4月25日\n'
         '十八里店乡周家庄中路19号院\n'
         '4月25日\n'
         '十八里店乡周家庄中路20号院\n'
         '4月26日\n'
         '潘家园街道武圣东里\n'
         '4月26日\n'
         '南磨房乡双龙南里\n'
         '4月26日\n'
         '垡头街道垡头西里三区\n'
         '4月26日\n'
         '八里庄街道红庙北里社区\n'
         '4月27日\n'
         '双井街道黄木厂社区\n'
         '4月27日\n'
         '孙河乡康营家园三社区\n'
         '4月27日\n'
         '小红门乡鸿博家园第一社区\n'
         '4月30日\n'
         '豆各庄乡朝丰家园社区\n'
         '5月1日\n'
         '十八里店乡吕家营村\n'
         '5月1日\n'
         '劲松街道农光里社区\n'
         '5月3日\n'
         '房山区（9）\n'
         '窦店镇田家园村\n'
         '4月26日\n'
         '窦店镇小高舍村\n'
         '4月27日\n'
         '窦店镇瓦窑头村\n'
         '4月28日\n'
         '琉璃河镇兴礼村\n'
         '4月29日\n'
         '窦店镇芦村\n'
         '5月1日\n'
         '西潞街道苏庄三里社区\n'
         '5月3日\n'
         '窦店镇下坡店村\n'
         '5月3日\n'
         '窦店镇袁庄村\n'
         '5月3日\n'
         '阎村镇大紫草坞村\n'
         '5月4日\n'
         '通州区（9）\n'
         '通运街道通胡大街78号\n'
         '4月30日\n'
         '于家务回族乡西里社区\n'
         '5月1日\n'
         '新华街道盛业家园社区\n'
         '5月1日\n'
         '中仓街道新华园社区\n'
         '5月1日\n'
         '梨园镇颐瑞西里社区\n'
         '5月3日\n'
         '永顺镇永顺西里社区\n'
         '5月3日\n'
         '潞城镇后北营村\n'
         '5月3日\n'
         '北苑街道官园社区\n'
         '5月3日\n'
         '玉桥街道葛布店北里社区\n'
         '5月3日\n'
         '辽宁省（9）\n'
         '丹东市（8）\n'
         '振兴区知春园小区一期\n'
         '4月26日\n'
         '振兴区丹建锦园93号楼\n'
         '4月26日\n'
         '振兴区丹建锦园95号楼\n'
         '4月26日\n'
         '振兴区福临花园小区\n'
         '4月26日\n'
         '振兴区文安新村小区\n'
         '4月26日\n'
         '振兴区丹建馨园小区\n'
         '5月3日\n'
         '振兴区红房新区小区\n'
         '5月3日\n'
         '振兴区桃源逸景小区\n'
         '5月3日\n'
         '营口市（1）\n'
         '大石桥市鑫盛家园\n'
         '5月5日\n'
         '山东省（4）\n'
         '烟台市（4）\n'
         '招远市金岭镇西梧桐夼村\n'
         '4月27日\n'
         '招远市金岭镇大户陈家村\n'
         '4月27日\n'
         '蓬莱区登州街道登州路170号家宾馆\n'
         '4月27日\n'
         '蓬莱区登州街道登州路万祥花园1号欣蘭砂锅店\n'
         '4月27日\n'
         '二、我省对重点风险地区来（返）黔人员的健康管理措施（截至2022年5月5日12时）\n'
         '以下防控措施将根据当地疫情形势适时调整（管控地区根据国务院客户端APP、国家卫生健康委和各省卫生健康委官网，有冲突或未提到时以国务院客户端APP、国家卫生健康委及各省卫生健康委官方最新公布为准）\n'
         '健康管理措施\n'
         '管理对象\n'
         '具体地区\n'
         '14天集中隔离+14天居家健康监测+12次核酸检测（第1,2,3,4,5,7,10,13,14,16,21,28天）\n'
         '中高风险地区来（返）黔人员\n'
         '以下地区（市州）中高风险地区来（返）黔人员执行“14天集中隔离+14天居家健康监测+12次核酸检测”政策：\n'
         '黑龙江：哈尔滨市、牡丹江市中高风险地区\n'
         '江苏省：徐州市、苏州市中高风险地区\n'
         '上海市：浦东新区、闵行区、黄埔区、嘉定区、崇明区中高风险地区\n'
         '吉林省：白城市中高风险地区\n'
         '河北省：邯郸市中高风险地区\n'
         '河南省：信阳市市中高风险地区\n'
         '湖南省：邵阳市中高风险地区\n'
         '内蒙古自治区：呼伦贝尔市中高风险地区\n'
         '北京市：朝阳区、房山区、通州区中高风险地区\n'
         '辽宁省：丹东市、营口市中高风险地区\n'
         '山东省：烟台市中高风险地区\n'
         '“五天三检”\n'
         '行程码带星号和14天内有本土阳性感染者报告所在地级市低风险地区来（返）黔人员\n'
         '以下市州（盟）为有中高风险地区或14天内有阳性感染者报告的市州（盟），从以下市州（盟）低风险地区来（返）黔人员执行“五天三检”政策：\n'
         '黑龙江省：哈尔滨市、牡丹江市低风险地区；\n'
         '广东省：广州市、东莞市、佛山市、江门市低风险地区；\n'
         '江苏省：苏州市、徐州市、南通市、扬州市、南京市、宿迁市、泰州市、无锡市、镇江市、盐城市、常州市低风险地区；\n'
         '内蒙古自治区：呼伦贝尔市、包头市低风险地区；\n'
         '吉林省：吉林市、长春市、松原市、白城市、延边朝鲜族自治州低风险地区；\n'
         '山东省：青岛市、烟台市、威海市、淄博市、聊城市、临沂市、济南市、菏泽市、济宁市、泰安市、德州市、滨州市低风险地区；\n'
         '河北省：邯郸市、邢台市、保定市、唐山市、衡水市、秦皇岛市、张家口市、沧州市、廊坊市低风险地区；\n'
         '河南省：濮阳市、商丘市、郑州市、信阳市、周口市、漯河市、鹤壁市、安阳市、许昌市、三门峡市、济源市低风险地区；\n'
         '福建省：宁德市、南平市低风险地区；\n'
         '辽宁省：沈阳市、大连市、丹东市、营口市低风险地区；\n'
         '安徽省：安庆市、滁州市、亳州市、合肥市、芜湖市、淮南市、六安市、阜阳市、宣城市、黄山市、宿州市低风险地区；\n'
         '江西省：南昌市、赣州市、上饶市、抚州市、鹰潭市低风险地区；\n'
         '湖南省：邵阳市、长沙市低风险地区；\n'
         '四川省：达州市低风险地区；\n'
         '甘肃省：兰州市低风险地区；\n'
         '北京市：海淀区、朝阳区、顺义区、丰台区、通州区、房山区、西城区、延庆区、昌平区、大兴区、东城区、石景山区、门头沟区、密云区低风险地区；\n'
         '重庆市：巫山县、梁平区、九龙坡区低风险地区；\n'
         '浙江省：杭州市、嘉兴市、衢州市、湖州市、金华市、宁波市、丽水市、台州市、绍兴市、舟山市低风险地区；\n'
         '陕西省：西安市、杨凌示范区低风险地区；\n'
         '湖北省：武汉市、黄冈市、恩施土家族苗族自治州、宜昌市低风险地区；\n'
         '青海省：西宁市低风险地区；\n'
         '海南省：陵水黎族自治县低风险地区；\n'
         '山西省：太原市、朔州市低风险地区；\n'
         '广西壮族自治区：防城港市、百色市、北海市低风险地区；\n'
         '云南省：德宏州（长期）、红河哈尼族彝族自治州、昆明市、文山州、西双版纳傣族自治州、大理市低风险地区；\n'
         '新疆维吾尔自治区：兵团第五师双河市、乌鲁木齐市低风险地区；\n'
         '宁夏回族自治区：银川市低风险地区；\n'
         '结合上海离沪政策和我省防控政策，对有上海市旅居史，4月2日零时及之后抵达我省的人员，须持有24小时内核酸检测阴性证明外，还须提供24小时内抗原检测阴性证明，并在抵黔后按照“7天集中隔离+7天居家健康监测+5次核酸检测”进行管控，期间须在第 '
         '1、2、5 、7、14天各开展1次核酸检测。\n'
         '有上海市低风险地区旅居史来（返）黔人员\n'
         '上海全市低风险地区\n'
         '倡导自我检测\n'
         '有潜在风险人群\n'
         '14天内有省外其他低风险地区旅居史人员\n'
         '三、坚持做好个人防护，遵守我省防疫政策\n'
         '当前，国内外疫情防控形势仍严峻复杂，每个人都要成为自己健康的第一责任人。请广大群众继续保持高度的防护意识，绷紧疫情防控这根弦，不要存侥幸心理，记住危险源于大意。坚持科学戴口罩、勤洗手、常通风、不聚集、保持安全社交距离，养成良好卫生习惯。持续关注国内疫情动态变化及各地确诊病例和无症状感染者行动轨迹，合理安排出行，如非必要，不要前往中高风险地区。自觉遵守我省防控政策，积极配合当地防控部门落实各项措施，从省外中高风险地区及有阳性感染者报告所在地级市低风险地区来（返）黔人员须携带48小时内核酸检测阴性证明，抵黔后分类落实“5天3检”；省外其他低风险地区来（返）黔人员须携带48小时内核酸检测阴性证明，在到达居住地后24小时～48小时内到就近采样点进行1次核酸检测。所有省外人员来返黔前须在“贵州健康码”上进行个人健康申报。疫情防控，人人有责，创建美好生活，需要我们共同努力。\n',
 'title': '贵州省对重点地区来（返）黔人员健康管理措施',
 'url': 'http://wjw.guizhou.gov.cn/xwzx_500663/fyzc/202205/t20220505_73732848.html'}
{'add_time': 1652000555,
 'issue_date': '2022-05-05 18:50:24',
 'key_words': '',
 'locations': '',
 'status': 0,
 'text': '为精准做好“外防输入、内防反弹”工作，有效控制和降低新冠肺炎疫情传播风险，现将我省对重点地区来（返）黔人员的健康管理措施提示如下。\n'
         '一、现有中高风险地区（截至2022年5月5日12时）\n'
         '风险等级\n'
         '省级\n'
         '市级\n'
         '具体地区\n'
         '公布日期\n'
         '高风险（15）\n'
         '黑龙江省（2）\n'
         '哈尔滨市（2）\n'
         '南岗区王岗镇\n'
         '4月15日\n'
         '南岗区跃进街道全域\n'
         '4月19日\n'
         '北京市（13）\n'
         '朝阳区（9）\n'
         '潘家园街道松榆里社区\n'
         '4月24日\n'
         '十八里店乡周家庄中路19号院\n'
         '4月26日\n'
         '高碑店乡方家园社区\n'
         '4月27日\n'
         '潘家园街道松榆西里社区\n'
         '4月27日\n'
         '双井街道广和南里二条\n'
         '4月26日\n'
         '建外街道北郎东社区\n'
         '4月28日\n'
         '劲松街道农光东里社区\n'
         '4月30日\n'
         '十八里店乡周家庄村\n'
         '5月3日\n'
         '金盏乡金盏嘉园二社区\n'
         '5月4日\n'
         '房山区（4）\n'
         '窦店镇于庄村\n'
         '4月27日\n'
         '窦店镇燕都世界名园社区\n'
         '4月27日\n'
         '长阳镇加州水郡东区社区金桥国际公寓\n'
         '5月3日\n'
         '窦店镇一街村\n'
         '4月30日\n'
         '中风险（100）\n'
         '黑龙江（24）\n'
         '哈尔滨市（23）\n'
         '香坊区朝阳镇前进村居民区\n'
         '4月16日\n'
         '香坊区朝阳镇永胜村居民区\n'
         '4月16日\n'
         '双城区永治街道洗涤剂家属楼小区\n'
         '4月18日\n'
         '双城区永治街道财富名苑小区\n'
         '4月18日\n'
         '南岗区海城街176号院\n'
         '4月21日\n'
         '道里区群力新苑小区C区（工农大街625号）\n'
         '4月22日\n'
         '双城区承旭街道枫桥郡小区\n'
         '4月24日\n'
         '双城区律政花园\n'
         '4月24日\n'
         '双城区金园一品小区2栋\n'
         '4月24日\n'
         '双城区金园一品小区4栋\n'
         '4月24日\n'
         '南岗区建筑街78号所在居民楼和海关街144号所在居民楼及其合围区域\n'
         '4月24日\n'
         '南岗区建筑街84号居民楼\n'
         '4月24日\n'
         '南岗区鲁商凤凰城3栋\n'
         '4月25日\n'
         '松北区浦江国际小区\n'
         '4月28日\n'
         '宾县宾州镇迎宾尚城1号高层\n'
         '4月30日\n'
         '宾县宾州镇迎宾尚城3号高层\n'
         '4月30日\n'
         '宾县宾安镇立新村李八仙屯\n'
         '4月30日\n'
         '宾县宾州镇和泓山水阳光小区14号楼\n'
         '5月3日\n'
         '宾县宾州镇和泓山水阳光小区3号楼\n'
         '5月3日\n'
         '宾县宾州镇山水庭苑小区9号楼\n'
         '5月3日\n'
         '宾县宾州镇盛鑫嘉园13号楼\n'
         '5月3日\n'
         '宾县宾州镇盛鑫嘉园14号楼\n'
         '5月3日\n'
         '宾县宾州镇鑫福家园高层\n'
         '5月3日\n'
         '牡丹江市（1）\n'
         '绥芬河市源丰经贸公司\n'
         '4月30日\n'
         '江苏省（4）\n'
         '徐州市（2）\n'
         '睢宁县景湖小区一期4号楼\n'
         '4月3日\n'
         '睢宁县李岳小区18号楼\n'
         '4月3日\n'
         '苏州市（2）\n'
         '昆山市通湖路公园壹号13幢\n'
         '4月21日\n'
         '昆山市中山路假日花苑3幢、4幢\n'
         '4月21日\n'
         '上海市（13）\n'
         '浦东新区（4）\n'
         '北蔡镇联勤村冯桥南宅\n'
         '3月22日\n'
         '北蔡镇鹏飞路411弄6号\n'
         '3月23日\n'
         '康桥镇苗桥路935弄19号\n'
         '3月24日\n'
         '北蔡镇御北路235号\n'
         '3月26日\n'
         '闵行区（3）\n'
         '梅陇镇行南村三队\n'
         '3月24日\n'
         '华漕镇许浦村三队\n'
         '3月24日\n'
         '梅陇镇许泾村八组\n'
         '3月23日\n'
         '黄埔区（2）\n'
         '打浦桥街道顺昌路612弄20号\n'
         '3月18日\n'
         '日京路88号\n'
         '3月20日\n'
         '嘉定区（2）\n'
         '马陆镇康年路261号工地宿舍\n'
         '3月20日\n'
         '江桥镇增建村柴中村民组\n'
         '3月23日\n'
         '崇明区（2）\n'
         '长兴镇长明村21队\n'
         '3月20日\n'
         '长兴镇新港村15队\n'
         '3月23日\n'
         '吉林省（1）\n'
         '白城市（1）\n'
         '白城师范学院校园\n'
         '4月22日\n'
         '河北省（1）\n'
         '邢台市（1）\n'
         '南和区史召乡李牌村片区（史召乡果寨村以北、340国道以南、留垒河以西、史召桥村以东合围区域）\n'
         '4月20日\n'
         '河南省（2)\n'
         '信阳市（2）\n'
         '固始县石佛店镇漂桥村\n'
         '4月26日\n'
         '固始县张广庙镇龙井村\n'
         '4月26日\n'
         '湖南省（4）\n'
         '邵阳市（4）\n'
         '双清区石桥街道裕丰家园小区（1期）\n'
         '5月4日\n'
         '双清区小江湖街道清泉花园小区\n'
         '5月4日\n'
         '北塔区陈家桥镇杨旗岭社区馨竹园小区\n'
         '5月4日\n'
         '北塔区陈家桥镇杨旗岭社区安置小区\n'
         '5月4日\n'
         '内蒙古自治区（4）\n'
         '呼伦贝尔市（4）\n'
         '满洲里市南区街道\n'
         '4月23日\n'
         '满洲里市北区街道\n'
         '4月24日\n'
         '满洲里市兴华街道\n'
         '4月24日\n'
         '满洲里市东山街道\n'
         '4月25日\n'
         '北京市（34）\n'
         '朝阳区（16）\n'
         '潘家园街道松榆东里社区\n'
         '4月24日\n'
         '垡头街道垡头西里社区\n'
         '4月25日\n'
         '三间房乡艺水芳园社区\n'
         '4月25日\n'
         '南磨房乡南新园社区\n'
         '4月25日\n'
         '十八里店乡周家庄中路19号院\n'
         '4月25日\n'
         '十八里店乡周家庄中路20号院\n'
         '4月26日\n'
         '潘家园街道武圣东里\n'
         '4月26日\n'
         '南磨房乡双龙南里\n'
         '4月26日\n'
         '垡头街道垡头西里三区\n'
         '4月26日\n'
         '八里庄街道红庙北里社区\n'
         '4月27日\n'
         '双井街道黄木厂社区\n'
         '4月27日\n'
         '孙河乡康营家园三社区\n'
         '4月27日\n'
         '小红门乡鸿博家园第一社区\n'
         '4月30日\n'
         '豆各庄乡朝丰家园社区\n'
         '5月1日\n'
         '十八里店乡吕家营村\n'
         '5月1日\n'
         '劲松街道农光里社区\n'
         '5月3日\n'
         '房山区（9）\n'
         '窦店镇田家园村\n'
         '4月26日\n'
         '窦店镇小高舍村\n'
         '4月27日\n'
         '窦店镇瓦窑头村\n'
         '4月28日\n'
         '琉璃河镇兴礼村\n'
         '4月29日\n'
         '窦店镇芦村\n'
         '5月1日\n'
         '西潞街道苏庄三里社区\n'
         '5月3日\n'
         '窦店镇下坡店村\n'
         '5月3日\n'
         '窦店镇袁庄村\n'
         '5月3日\n'
         '阎村镇大紫草坞村\n'
         '5月4日\n'
         '通州区（9）\n'
         '通运街道通胡大街78号\n'
         '4月30日\n'
         '于家务回族乡西里社区\n'
         '5月1日\n'
         '新华街道盛业家园社区\n'
         '5月1日\n'
         '中仓街道新华园社区\n'
         '5月1日\n'
         '梨园镇颐瑞西里社区\n'
         '5月3日\n'
         '永顺镇永顺西里社区\n'
         '5月3日\n'
         '潞城镇后北营村\n'
         '5月3日\n'
         '北苑街道官园社区\n'
         '5月3日\n'
         '玉桥街道葛布店北里社区\n'
         '5月3日\n'
         '辽宁省（9）\n'
         '丹东市（8）\n'
         '振兴区知春园小区一期\n'
         '4月26日\n'
         '振兴区丹建锦园93号楼\n'
         '4月26日\n'
         '振兴区丹建锦园95号楼\n'
         '4月26日\n'
         '振兴区福临花园小区\n'
         '4月26日\n'
         '振兴区文安新村小区\n'
         '4月26日\n'
         '振兴区丹建馨园小区\n'
         '5月3日\n'
         '振兴区红房新区小区\n'
         '5月3日\n'
         '振兴区桃源逸景小区\n'
         '5月3日\n'
         '营口市（1）\n'
         '大石桥市鑫盛家园\n'
         '5月5日\n'
         '山东省（4）\n'
         '烟台市（4）\n'
         '招远市金岭镇西梧桐夼村\n'
         '4月27日\n'
         '招远市金岭镇大户陈家村\n'
         '4月27日\n'
         '蓬莱区登州街道登州路170号家宾馆\n'
         '4月27日\n'
         '蓬莱区登州街道登州路万祥花园1号欣蘭砂锅店\n'
         '4月27日\n'
         '二、我省对重点风险地区来（返）黔人员的健康管理措施（截至2022年5月5日12时）\n'
         '以下防控措施将根据当地疫情形势适时调整（管控地区根据国务院客户端APP、国家卫生健康委和各省卫生健康委官网，有冲突或未提到时以国务院客户端APP、国家卫生健康委及各省卫生健康委官方最新公布为准）\n'
         '健康管理措施\n'
         '管理对象\n'
         '具体地区\n'
         '14天集中隔离+14天居家健康监测+12次核酸检测（第1,2,3,4,5,7,10,13,14,16,21,28天）\n'
         '中高风险地区来（返）黔人员\n'
         '以下地区（市州）中高风险地区来（返）黔人员执行“14天集中隔离+14天居家健康监测+12次核酸检测”政策：\n'
         '黑龙江：哈尔滨市、牡丹江市中高风险地区\n'
         '江苏省：徐州市、苏州市中高风险地区\n'
         '上海市：浦东新区、闵行区、黄埔区、嘉定区、崇明区中高风险地区\n'
         '吉林省：白城市中高风险地区\n'
         '河北省：邯郸市中高风险地区\n'
         '河南省：信阳市市中高风险地区\n'
         '湖南省：邵阳市中高风险地区\n'
         '内蒙古自治区：呼伦贝尔市中高风险地区\n'
         '北京市：朝阳区、房山区、通州区中高风险地区\n'
         '辽宁省：丹东市、营口市中高风险地区\n'
         '山东省：烟台市中高风险地区\n'
         '“五天三检”\n'
         '行程码带星号和14天内有本土阳性感染者报告所在地级市低风险地区来（返）黔人员\n'
         '以下市州（盟）为有中高风险地区或14天内有阳性感染者报告的市州（盟），从以下市州（盟）低风险地区来（返）黔人员执行“五天三检”政策：\n'
         '黑龙江省：哈尔滨市、牡丹江市低风险地区；\n'
         '广东省：广州市、东莞市、佛山市、江门市低风险地区；\n'
         '江苏省：苏州市、徐州市、南通市、扬州市、南京市、宿迁市、泰州市、无锡市、镇江市、盐城市、常州市低风险地区；\n'
         '内蒙古自治区：呼伦贝尔市、包头市低风险地区；\n'
         '吉林省：吉林市、长春市、松原市、白城市、延边朝鲜族自治州低风险地区；\n'
         '山东省：青岛市、烟台市、威海市、淄博市、聊城市、临沂市、济南市、菏泽市、济宁市、泰安市、德州市、滨州市低风险地区；\n'
         '河北省：邯郸市、邢台市、保定市、唐山市、衡水市、秦皇岛市、张家口市、沧州市、廊坊市低风险地区；\n'
         '河南省：濮阳市、商丘市、郑州市、信阳市、周口市、漯河市、鹤壁市、安阳市、许昌市、三门峡市、济源市低风险地区；\n'
         '福建省：宁德市、南平市低风险地区；\n'
         '辽宁省：沈阳市、大连市、丹东市、营口市低风险地区；\n'
         '安徽省：安庆市、滁州市、亳州市、合肥市、芜湖市、淮南市、六安市、阜阳市、宣城市、黄山市、宿州市低风险地区；\n'
         '江西省：南昌市、赣州市、上饶市、抚州市、鹰潭市低风险地区；\n'
         '湖南省：邵阳市、长沙市低风险地区；\n'
         '四川省：达州市低风险地区；\n'
         '甘肃省：兰州市低风险地区；\n'
         '北京市：海淀区、朝阳区、顺义区、丰台区、通州区、房山区、西城区、延庆区、昌平区、大兴区、东城区、石景山区、门头沟区、密云区低风险地区；\n'
         '重庆市：巫山县、梁平区、九龙坡区低风险地区；\n'
         '浙江省：杭州市、嘉兴市、衢州市、湖州市、金华市、宁波市、丽水市、台州市、绍兴市、舟山市低风险地区；\n'
         '陕西省：西安市、杨凌示范区低风险地区；\n'
         '湖北省：武汉市、黄冈市、恩施土家族苗族自治州、宜昌市低风险地区；\n'
         '青海省：西宁市低风险地区；\n'
         '海南省：陵水黎族自治县低风险地区；\n'
         '山西省：太原市、朔州市低风险地区；\n'
         '广西壮族自治区：防城港市、百色市、北海市低风险地区；\n'
         '云南省：德宏州（长期）、红河哈尼族彝族自治州、昆明市、文山州、西双版纳傣族自治州、大理市低风险地区；\n'
         '新疆维吾尔自治区：兵团第五师双河市、乌鲁木齐市低风险地区；\n'
         '宁夏回族自治区：银川市低风险地区；\n'
         '结合上海离沪政策和我省防控政策，对有上海市旅居史，4月2日零时及之后抵达我省的人员，须持有24小时内核酸检测阴性证明外，还须提供24小时内抗原检测阴性证明，并在抵黔后按照“7天集中隔离+7天居家健康监测+5次核酸检测”进行管控，期间须在第 '
         '1、2、5 、7、14天各开展1次核酸检测。\n'
         '有上海市低风险地区旅居史来（返）黔人员\n'
         '上海全市低风险地区\n'
         '倡导自我检测\n'
         '有潜在风险人群\n'
         '14天内有省外其他低风险地区旅居史人员\n'
         '三、坚持做好个人防护，遵守我省防疫政策\n'
         '当前，国内外疫情防控形势仍严峻复杂，每个人都要成为自己健康的第一责任人。请广大群众继续保持高度的防护意识，绷紧疫情防控这根弦，不要存侥幸心理，记住危险源于大意。坚持科学戴口罩、勤洗手、常通风、不聚集、保持安全社交距离，养成良好卫生习惯。持续关注国内疫情动态变化及各地确诊病例和无症状感染者行动轨迹，合理安排出行，如非必要，不要前往中高风险地区。自觉遵守我省防控政策，积极配合当地防控部门落实各项措施，从省外中高风险地区及有阳性感染者报告所在地级市低风险地区来（返）黔人员须携带48小时内核酸检测阴性证明，抵黔后分类落实“5天3检”；省外其他低风险地区来（返）黔人员须携带48小时内核酸检测阴性证明，在到达居住地后24小时～48小时内到就近采样点进行1次核酸检测。所有省外人员来返黔前须在“贵州健康码”上进行个人健康申报。疫情防控，人人有责，创建美好生活，需要我们共同努力。\n',
 'title': '贵州省对重点地区来（返）黔人员健康管理措施',
 'url': 'http://wjw.guizhou.gov.cn/xwzx_500663/fyzc/202205/t20220505_73732848.html'}
2022-05-08 17:02:38 [scrapy.core.engine] DEBUG: Crawled (200) <GET http://wjw.guizhou.gov.cn/xwzx_500663/fyzc/202204/t20220430_73694155.html> (referer: None)
2022-05-08 17:02:38 [scrapy.core.scraper] WARNING: Dropped: Duplicate item found: {'add_time': 1652000558,
 'issue_date': '2022-04-30 08:16:37',
 'key_words': '',
 'locations': '',
 'status': 0,
 'text': '省外来返黔人员流动有哪些管理要求？\n'
         '1.提前做好个人健康申报。省外来返黔人员在出行前，须提前通过“贵州健康码”进行个人健康申报，并持48小时内核酸检测阴性证明入黔，自驾来返黔的，还须提前登记车辆信息。抵黔后要严格按照我省防疫规定，积极配合当地疫情防控机构分级分类落实核酸检测、隔离管控、健康监测等防疫措施。\n'
         '2.境外及中高风险地区来返黔人员。一律按照“14天集中隔离+14天居家健康监测+12次核酸检测”进行管控。非法偷渡人员按照“先防疫、后处置”的原则，比照境外来返黔人员进行管控。\n'
         '3.疫情严重地区来返黔人员。现阶段按照“7天集中隔离+7天居家健康监测+5次核酸检测”进行管控。省疫情监测管控救治组和省社会防控组负责及时研判确定疫情严重地区范围，适时调整管控措施。\n'
         '4.行程码带星号和14天内有本土感染者报告地区所在地级市的省外来返黔人员。抵黔后须落实“五天三检”措施。\n'
         '5.陆地边境口岸城市（与香港、澳门有口岸相连的除外）来返黔人员。须持48小时内核酸检测阴性证明来返黔，并在抵黔后48小时内再开展1次核酸检测；无相关证明的，抵黔后须落实“五天三检”措施。\n'
         '6.其他低风险地区来返黔人员。须持48小时内核酸检测阴性证明来返黔，建议在抵黔后48小时内再开展1次核酸检测；未持48小时内核酸检测阴性证明的，抵黔后自行前往居住地或酒店附近核酸采样点进行采样，采样后须返回居所或酒店等待检测结果，结果阴性后方可有序流动。\n'
         '7.其他潜在风险人员。发热病人、健康码“黄码”、省外同时空暴露等重点风险人员在未排除感染风险前暂缓来黔。\n',
 'title': '省外来返黔人员流动有哪些管理要求？',
 'url': 'http://wjw.guizhou.gov.cn/xwzx_500663/fyzc/202204/t20220430_73694155.html'}
{'add_time': 1652000558,
 'issue_date': '2022-04-30 08:16:37',
 'key_words': '',
 'locations': '',
 'status': 0,
 'text': '省外来返黔人员流动有哪些管理要求？\n'
         '1.提前做好个人健康申报。省外来返黔人员在出行前，须提前通过“贵州健康码”进行个人健康申报，并持48小时内核酸检测阴性证明入黔，自驾来返黔的，还须提前登记车辆信息。抵黔后要严格按照我省防疫规定，积极配合当地疫情防控机构分级分类落实核酸检测、隔离管控、健康监测等防疫措施。\n'
         '2.境外及中高风险地区来返黔人员。一律按照“14天集中隔离+14天居家健康监测+12次核酸检测”进行管控。非法偷渡人员按照“先防疫、后处置”的原则，比照境外来返黔人员进行管控。\n'
         '3.疫情严重地区来返黔人员。现阶段按照“7天集中隔离+7天居家健康监测+5次核酸检测”进行管控。省疫情监测管控救治组和省社会防控组负责及时研判确定疫情严重地区范围，适时调整管控措施。\n'
         '4.行程码带星号和14天内有本土感染者报告地区所在地级市的省外来返黔人员。抵黔后须落实“五天三检”措施。\n'
         '5.陆地边境口岸城市（与香港、澳门有口岸相连的除外）来返黔人员。须持48小时内核酸检测阴性证明来返黔，并在抵黔后48小时内再开展1次核酸检测；无相关证明的，抵黔后须落实“五天三检”措施。\n'
         '6.其他低风险地区来返黔人员。须持48小时内核酸检测阴性证明来返黔，建议在抵黔后48小时内再开展1次核酸检测；未持48小时内核酸检测阴性证明的，抵黔后自行前往居住地或酒店附近核酸采样点进行采样，采样后须返回居所或酒店等待检测结果，结果阴性后方可有序流动。\n'
         '7.其他潜在风险人员。发热病人、健康码“黄码”、省外同时空暴露等重点风险人员在未排除感染风险前暂缓来黔。\n',
 'title': '省外来返黔人员流动有哪些管理要求？',
 'url': 'http://wjw.guizhou.gov.cn/xwzx_500663/fyzc/202204/t20220430_73694155.html'}
2022-05-08 17:02:42 [scrapy.core.engine] DEBUG: Crawled (200) <GET http://wjw.guizhou.gov.cn/xwzx_500663/fyzc/202205/t20220504_73699081.html> (referer: None)
2022-05-08 17:02:42 [scrapy.core.scraper] WARNING: Dropped: Duplicate item found: {'add_time': 1652000562,
 'issue_date': '2022-05-04 08:32:22',
 'key_words': '',
 'locations': '',
 'status': 0,
 'text': '贵州健康码2.0新增场所码功能，可用于复工复产以及公共场所对来访人员进行出入登记，为场所管理者和来访人员提供电子化登记服务，替代纸质登记，有效避免接触感染及个人隐私泄露。\n'
         '一、什么是场所码？\n'
         '场所码是人员进入到各重点场所使用的专有二维码，是贵州健康码管理2.0版为重点场所生成的一个独立标识码。通过扫描场所码，可以对出入该场所的所有人员进行信息的自动化登记，同时也会显示出入该场所人员当时的健康卡状态。\n'
         '在局部应急状态下，可以通过确诊者、密接者的扫描场所码记录，匹配其他扫描过该场所码的人，进行时空关联，辅助开展流调溯源。\n'
         '二、哪些场所需要申领场所码？\n'
         '对于学校、医院、办公楼宇、小区、商场、公园等公共场所可根据实际需要申领一个或多个场所码，进行打印张贴，供用户主动扫码进行自动校验并登记留痕。场所申领操作如下。\n'
         '三、个人如何使用场所码？\u2002\n'
         '个人通过手机微信、支付宝及贵州健康码扫一扫功能对张贴于公共区域的场所码进行主动扫码，其结果会在用户手机端贵州健康码进行展示，并提示相应的通行建议。若相关信息无异常，则可自由出入场所区域。\n',
 'title': '“场所码”，你想了解的这里都有',
 'url': 'http://wjw.guizhou.gov.cn/xwzx_500663/fyzc/202205/t20220504_73699081.html'}
{'add_time': 1652000562,
 'issue_date': '2022-05-04 08:32:22',
 'key_words': '',
 'locations': '',
 'status': 0,
 'text': '贵州健康码2.0新增场所码功能，可用于复工复产以及公共场所对来访人员进行出入登记，为场所管理者和来访人员提供电子化登记服务，替代纸质登记，有效避免接触感染及个人隐私泄露。\n'
         '一、什么是场所码？\n'
         '场所码是人员进入到各重点场所使用的专有二维码，是贵州健康码管理2.0版为重点场所生成的一个独立标识码。通过扫描场所码，可以对出入该场所的所有人员进行信息的自动化登记，同时也会显示出入该场所人员当时的健康卡状态。\n'
         '在局部应急状态下，可以通过确诊者、密接者的扫描场所码记录，匹配其他扫描过该场所码的人，进行时空关联，辅助开展流调溯源。\n'
         '二、哪些场所需要申领场所码？\n'
         '对于学校、医院、办公楼宇、小区、商场、公园等公共场所可根据实际需要申领一个或多个场所码，进行打印张贴，供用户主动扫码进行自动校验并登记留痕。场所申领操作如下。\n'
         '三、个人如何使用场所码？\u2002\n'
         '个人通过手机微信、支付宝及贵州健康码扫一扫功能对张贴于公共区域的场所码进行主动扫码，其结果会在用户手机端贵州健康码进行展示，并提示相应的通行建议。若相关信息无异常，则可自由出入场所区域。\n',
 'title': '“场所码”，你想了解的这里都有',
 'url': 'http://wjw.guizhou.gov.cn/xwzx_500663/fyzc/202205/t20220504_73699081.html'}
2022-05-08 17:02:42 [scrapy.core.engine] INFO: Closing spider (finished)
2022-05-08 17:02:42 [scrapy.statscollectors] INFO: Dumping Scrapy stats:
{'downloader/request_bytes': 1495,
 'downloader/request_count': 4,
 'downloader/request_method_count/GET': 4,
 'downloader/response_bytes': 78026,
 'downloader/response_count': 4,
 'downloader/response_status_count/200': 4,
 'elapsed_time_seconds': 11.752667,
 'finish_reason': 'finished',
 'finish_time': datetime.datetime(2022, 5, 8, 9, 2, 42, 823005),
 'httpcompression/response_bytes': 334004,
 'httpcompression/response_count': 4,
 'item_dropped_count': 3,
 'item_dropped_reasons_count/DropItem': 3,
 'log_count/DEBUG': 4,
 'log_count/INFO': 10,
 'log_count/WARNING': 4,
 'memusage/max': 110452736,
 'memusage/startup': 110452736,
 'request_depth_max': 1,
 'response_received_count': 4,
 'scheduler/dequeued': 4,
 'scheduler/dequeued/memory': 4,
 'scheduler/enqueued': 4,
 'scheduler/enqueued/memory': 4,
 'start_time': datetime.datetime(2022, 5, 8, 9, 2, 31, 70338)}
2022-05-08 17:02:42 [scrapy.core.engine] INFO: Spider closed (finished)
