2022-08-17 11:10:17 [scrapy.utils.log] INFO: Scrapy 2.5.1 started (bot: neteasetop)
2022-08-17 11:10:18 [scrapy.utils.log] INFO: Versions: lxml 4.7.1.0, libxml2 2.9.12, cssselect 1.1.0, parsel 1.6.0, w3lib 1.22.0, Twisted 21.7.0, Python 3.8.12 | packaged by conda-forge | (default, Oct 12 2021, 23:40:23) - [GCC 9.4.0], pyOpenSSL 21.0.0 (OpenSSL 1.1.1m  14 Dec 2021), cryptography 36.0.1, Platform Linux-5.4.0-1060-raspi-aarch64-with-glibc2.17
2022-08-17 11:10:18 [scrapy.utils.log] DEBUG: Using reactor: twisted.internet.epollreactor.EPollReactor
2022-08-17 11:10:18 [scrapy.crawler] INFO: Overridden settings:
{'BOT_NAME': 'neteasetop',
 'DOWNLOAD_DELAY': 5,
 'FEED_EXPORT_ENCODING': 'utf-8',
 'LOG_FILE': 'logs/neteasetop/netease/145ee7e71dda11edad69ed3bac0f783f.log',
 'NEWSPIDER_MODULE': 'neteasetop.spiders',
 'SPIDER_MODULES': ['neteasetop.spiders']}
2022-08-17 11:10:18 [scrapy.extensions.telnet] INFO: Telnet Password: 32dcda456e58a6cf
2022-08-17 11:10:18 [scrapy.middleware] INFO: Enabled extensions:
['scrapy.extensions.corestats.CoreStats',
 'scrapy.extensions.telnet.TelnetConsole',
 'scrapy.extensions.memusage.MemoryUsage',
 'scrapy.extensions.logstats.LogStats']
2022-08-17 11:10:18 [root] WARNING: =================== Netease News ====================
2022-08-17 11:10:19 [scrapy.middleware] INFO: Enabled downloader middlewares:
['scrapy.downloadermiddlewares.httpauth.HttpAuthMiddleware',
 'scrapy.downloadermiddlewares.downloadtimeout.DownloadTimeoutMiddleware',
 'scrapy.downloadermiddlewares.defaultheaders.DefaultHeadersMiddleware',
 'scrapy.downloadermiddlewares.useragent.UserAgentMiddleware',
 'scrapy.downloadermiddlewares.retry.RetryMiddleware',
 'scrapy.downloadermiddlewares.redirect.MetaRefreshMiddleware',
 'scrapy.downloadermiddlewares.httpcompression.HttpCompressionMiddleware',
 'scrapy.downloadermiddlewares.redirect.RedirectMiddleware',
 'scrapy.downloadermiddlewares.cookies.CookiesMiddleware',
 'scrapy.downloadermiddlewares.httpproxy.HttpProxyMiddleware',
 'scrapy.downloadermiddlewares.stats.DownloaderStats']
2022-08-17 11:10:19 [scrapy.middleware] INFO: Enabled spider middlewares:
['scrapy.spidermiddlewares.httperror.HttpErrorMiddleware',
 'scrapy.spidermiddlewares.offsite.OffsiteMiddleware',
 'scrapy.spidermiddlewares.referer.RefererMiddleware',
 'scrapy.spidermiddlewares.urllength.UrlLengthMiddleware',
 'scrapy.spidermiddlewares.depth.DepthMiddleware']
2022-08-17 11:10:19 [scrapy.middleware] INFO: Enabled item pipelines:
['neteasetop.pipelines.MongodbPipeline', 'neteasetop.pipelines.SendCloudMsg']
2022-08-17 11:10:19 [scrapy.core.engine] INFO: Spider opened
2022-08-17 11:10:19 [scrapy.extensions.logstats] INFO: Crawled 0 pages (at 0 pages/min), scraped 0 items (at 0 items/min)
2022-08-17 11:10:19 [scrapy.extensions.telnet] INFO: Telnet console listening on 127.0.0.1:6024
2022-08-17 11:10:19 [scrapy.core.engine] DEBUG: Crawled (200) <GET https://gw.m.163.com/gentie-web/api/v2/products/a2869674571f77b5a0867c3d71db5856/rankDocs/all/list?ibc=newsapph5&limit=30> (referer: None)
2022-08-17 11:10:19 [scrapy.core.scraper] DEBUG: Scraped from <200 https://gw.m.163.com/gentie-web/api/v2/products/a2869674571f77b5a0867c3d71db5856/rankDocs/all/list?ibc=newsapph5&limit=30>
{'add_time': 1660705819,
 'hotScore': 6000,
 'img': 'http://cms-bucket.ws.126.net/2022/0816/04af40edp00rgp9h5003wc000k000a0c.png',
 'source': '澎湃新闻',
 'status': 1,
 'text': '11万养10个以上的娃，买奶粉够不?',
 'title': '俄罗斯总统普京签署命令 恢复“英雄母亲”称号',
 'update_time': 1660705819,
 'url': 'https://3g.163.com/news/article/HETH2E590001899N.html'}
2022-08-17 11:10:19 [scrapy.core.scraper] DEBUG: Scraped from <200 https://gw.m.163.com/gentie-web/api/v2/products/a2869674571f77b5a0867c3d71db5856/rankDocs/all/list?ibc=newsapph5&limit=30>
{'add_time': 1660705819,
 'hotScore': 5744,
 'img': 'http://bjnewsrec-cv.ws.126.net/little3883de1b016j00rgpr0t003qd000zk01c9m.jpg',
 'source': '凡事一定有办法13119',
 'status': 1,
 'text': '炸机场只是震惊，更多的人还没跑，这次再炸火药库，观望的人醒过来了，离战场真不远了，开始跑了',
 'title': '克里米亚大桥24小时内汽车流量创纪录，俄罗斯人开始疯狂逃离',
 'update_time': 1660705819,
 'url': 'https://3g.163.com/news/article/HEU7KJQ705530F42.html'}
2022-08-17 11:10:19 [scrapy.core.scraper] DEBUG: Scraped from <200 https://gw.m.163.com/gentie-web/api/v2/products/a2869674571f77b5a0867c3d71db5856/rankDocs/all/list?ibc=newsapph5&limit=30>
{'add_time': 1660705819,
 'hotScore': 5493,
 'img': 'http://cms-bucket.ws.126.net/2022/0817/6edf9eadj00rgq1gk00j7c003340223c.jpg',
 'source': '央视新闻客户端',
 'status': 1,
 'text': '除了旅游业 这次直接重创海南的水果产业',
 'title': '海南三亚新增380例确诊病例、791例无症状感染者 ',
 'update_time': 1660705819,
 'url': 'https://3g.163.com/news/article/HEUIFT84000189PS.html'}
2022-08-17 11:10:19 [scrapy.core.scraper] DEBUG: Scraped from <200 https://gw.m.163.com/gentie-web/api/v2/products/a2869674571f77b5a0867c3d71db5856/rankDocs/all/list?ibc=newsapph5&limit=30>
{'add_time': 1660705819,
 'hotScore': 5425,
 'img': 'http://cms-bucket.ws.126.net/2022/0816/15d5add8p00rgph5t001yc000jg00czc.png',
 'source': '界面新闻',
 'status': 1,
 'text': '一个不负责任的超级帝国就是这样威胁全世界的。',
 'title': '美国军方：已例行试射“民兵3”洲际弹道导弹 展示“核力量准备情况”',
 'update_time': 1660705819,
 'url': 'https://3g.163.com/news/article/HETQ4ERU0001899O.html'}
2022-08-17 11:10:20 [scrapy.core.scraper] DEBUG: Scraped from <200 https://gw.m.163.com/gentie-web/api/v2/products/a2869674571f77b5a0867c3d71db5856/rankDocs/all/list?ibc=newsapph5&limit=30>
{'add_time': 1660705819,
 'hotScore': 5414,
 'img': 'http://dingyue.ws.126.net/2022/0816/dfd7720bj00rgpjfv00m5d000sg01jep.jpg',
 'source': '看人间无奈尝世间百态',
 'status': 1,
 'text': '这和爱国没有关系。穿个几次和服拍个几次照就等于不爱国？这是什么逻辑？',
 'title': '苏州女孩因穿和服被捕，21世纪的今天，我们仍以爱国限制个人自由',
 'update_time': 1660705819,
 'url': 'https://3g.163.com/news/article/HETT1G4H0552RTGQ.html'}
2022-08-17 11:10:20 [scrapy.core.scraper] DEBUG: Scraped from <200 https://gw.m.163.com/gentie-web/api/v2/products/a2869674571f77b5a0867c3d71db5856/rankDocs/all/list?ibc=newsapph5&limit=30>
{'add_time': 1660705820,
 'hotScore': 5182,
 'img': 'http://bjnewsrec-cv.ws.126.net/little11635123b9fj00rgpjr7000sd200hs0096g00hs0096.jpg',
 'source': '中国半导体论坛',
 'status': 1,
 'text': '如果不被制裁，麒麟9000的机器现在应该2000左右了吧',
 'title': '华为海思暴跌81.5%！',
 'update_time': 1660705820,
 'url': 'https://3g.163.com/news/article/HETU4AH80511DT6P.html'}
2022-08-17 11:10:20 [scrapy.core.scraper] DEBUG: Scraped from <200 https://gw.m.163.com/gentie-web/api/v2/products/a2869674571f77b5a0867c3d71db5856/rankDocs/all/list?ibc=newsapph5&limit=30>
{'add_time': 1660705820,
 'hotScore': 5100,
 'img': 'http://cms-bucket.ws.126.net/2022/0817/32e6d127p00rgqeg1001jc000s600e3c.png',
 'source': '枢密院十号',
 'status': 1,
 'text': '第一个蔡英文的闺蜜，怎么长得跟男的似的？看着就不是个面善之人',
 'title': '"台独"顽固分子清单公布后 岛内网友跟帖火爆',
 'update_time': 1660705820,
 'url': 'https://3g.163.com/news/article/HEV2PGA40001899O.html'}
2022-08-17 11:10:20 [scrapy.core.scraper] DEBUG: Scraped from <200 https://gw.m.163.com/gentie-web/api/v2/products/a2869674571f77b5a0867c3d71db5856/rankDocs/all/list?ibc=newsapph5&limit=30>
{'add_time': 1660705820,
 'hotScore': 5092,
 'img': 'http://bjnewsrec-cv.ws.126.net/little8261a511f92j00rgq0nn001fc000hs00n5g.jpg',
 'source': '五包辣条',
 'status': 1,
 'text': '几套房子不是重点，重点是怎么把钱弄出去的',
 'title': '司马南在美国的另外两套房房产',
 'update_time': 1660705820,
 'url': 'https://3g.163.com/news/article/HEUJ0N6D0552BLRI.html'}
2022-08-17 11:10:20 [scrapy.core.scraper] DEBUG: Scraped from <200 https://gw.m.163.com/gentie-web/api/v2/products/a2869674571f77b5a0867c3d71db5856/rankDocs/all/list?ibc=newsapph5&limit=30>
{'add_time': 1660705820,
 'hotScore': 4900,
 'img': 'http://bjnewsrec-cv.ws.126.net/big668ddd6b720j00rgpyf4001fc000hs00e8g.jpg',
 'source': '我叫会飞的骡子',
 'status': 1,
 'text': '做为中国人，应该不忘国耻，更不要像那些少部分人一样做“精神日本人”',
 'title': '穿和服上街有罪，那使用日本词汇岂不是要坐牢？',
 'update_time': 1660705820,
 'url': 'https://3g.163.com/news/article/HEUG8C8S0552BJEX.html'}
2022-08-17 11:10:20 [scrapy.core.scraper] DEBUG: Scraped from <200 https://gw.m.163.com/gentie-web/api/v2/products/a2869674571f77b5a0867c3d71db5856/rankDocs/all/list?ibc=newsapph5&limit=30>
{'add_time': 1660705820,
 'hotScore': 4898,
 'img': 'http://videoimg.ws.126.net/cover/20220816/bOpv8oqzE_cover.jpg',
 'source': '十点一分',
 'status': 1,
 'text': '',
 'title': '县领导讲话鼓励公务员带头购房：有一套的买两套，有两套的买三套',
 'update_time': 1660705820,
 'url': 'https://3g.163.com/news/article/VJDVUFU7H.html'}
2022-08-17 11:10:20 [scrapy.core.scraper] DEBUG: Scraped from <200 https://gw.m.163.com/gentie-web/api/v2/products/a2869674571f77b5a0867c3d71db5856/rankDocs/all/list?ibc=newsapph5&limit=30>
{'add_time': 1660705820,
 'hotScore': 4712,
 'img': 'http://dingyue.ws.126.net/2022/0817/8b46b608j00rgqhdb000yd000g800c6p.jpg',
 'source': '可达鸭资讯',
 'status': 1,
 'text': '人家诽谤你，你为什么还要保留追究权利？',
 'title': '报道再次失实？大连一景区怒斥澎湃新闻，引万人点赞',
 'update_time': 1660705820,
 'url': 'https://3g.163.com/news/article/HEV7LO5E0553A9YO.html'}
2022-08-17 11:10:20 [scrapy.core.scraper] DEBUG: Scraped from <200 https://gw.m.163.com/gentie-web/api/v2/products/a2869674571f77b5a0867c3d71db5856/rankDocs/all/list?ibc=newsapph5&limit=30>
{'add_time': 1660705820,
 'hotScore': 4409,
 'img': 'http://bjnewsrec-cv.ws.126.net/little78373bd965dj00rgqc4t001ac000hs00bbg.jpg',
 'source': '直播吧',
 'status': 1,
 'text': '',
 'title': 'C罗：媒体只会说谎！我的小本子记着，100条新闻只有5条真的',
 'update_time': 1660705820,
 'url': 'https://3g.163.com/news/article/HEV1THJQ0529AQIE.html'}
2022-08-17 11:10:20 [scrapy.core.scraper] DEBUG: Scraped from <200 https://gw.m.163.com/gentie-web/api/v2/products/a2869674571f77b5a0867c3d71db5856/rankDocs/all/list?ibc=newsapph5&limit=30>
{'add_time': 1660705820,
 'hotScore': 4380,
 'img': 'http://cms-bucket.ws.126.net/2022/0817/f4d9be65p00rgqeks001mc0009c0070c.png',
 'source': '网易体育',
 'status': 1,
 'text': '杜老二又开始了[大笑]',
 'title': '法国凌晨三点!杜兰特大街上运球 多人簇拥美女相伴',
 'update_time': 1660705820,
 'url': 'https://3g.163.com/news/article/HEV47EET0005877U.html'}
2022-08-17 11:10:20 [scrapy.core.scraper] DEBUG: Scraped from <200 https://gw.m.163.com/gentie-web/api/v2/products/a2869674571f77b5a0867c3d71db5856/rankDocs/all/list?ibc=newsapph5&limit=30>
{'add_time': 1660705820,
 'hotScore': 4264,
 'img': '',
 'source': '新京报',
 'status': 1,
 'text': '抱歉，我拖了政府的后腿了，九零的我还是个单身汉！',
 'title': '国家卫健委等17部门：进一步完善和落实积极生育支持措施',
 'update_time': 1660705820,
 'url': 'https://3g.163.com/news/article/HETCH35G0001899O.html'}
2022-08-17 11:10:20 [scrapy.core.scraper] DEBUG: Scraped from <200 https://gw.m.163.com/gentie-web/api/v2/products/a2869674571f77b5a0867c3d71db5856/rankDocs/all/list?ibc=newsapph5&limit=30>
{'add_time': 1660705820,
 'hotScore': 4070,
 'img': '',
 'source': '优品看台',
 'status': 1,
 'text': '',
 'title': '怎么这么多人洗白苏州和服事件',
 'update_time': 1660705820,
 'url': 'https://3g.163.com/news/article/HEUQ5A4S05348GIR.html'}
2022-08-17 11:10:20 [scrapy.core.scraper] DEBUG: Scraped from <200 https://gw.m.163.com/gentie-web/api/v2/products/a2869674571f77b5a0867c3d71db5856/rankDocs/all/list?ibc=newsapph5&limit=30>
{'add_time': 1660705820,
 'hotScore': 3940,
 'img': '',
 'source': '央视新闻客户端',
 'status': 1,
 'text': '他工作的绝大部分时间就是为了犯罪，或者是在谋划犯罪',
 'title': '最高人民检察院依法对谢计来决定逮捕  ',
 'update_time': 1660705820,
 'url': 'https://3g.163.com/news/article/HEVCUM5U000189PS.html'}
2022-08-17 11:10:20 [scrapy.core.scraper] DEBUG: Scraped from <200 https://gw.m.163.com/gentie-web/api/v2/products/a2869674571f77b5a0867c3d71db5856/rankDocs/all/list?ibc=newsapph5&limit=30>
{'add_time': 1660705820,
 'hotScore': 3907,
 'img': '',
 'source': '无线徐州',
 'status': 1,
 'text': '',
 'title': '国内两地最新通告！常态化核酸检测将不再免费！',
 'update_time': 1660705820,
 'url': 'https://3g.163.com/news/article/HEUE50QS05149RPN.html'}
2022-08-17 11:10:20 [scrapy.core.scraper] DEBUG: Scraped from <200 https://gw.m.163.com/gentie-web/api/v2/products/a2869674571f77b5a0867c3d71db5856/rankDocs/all/list?ibc=newsapph5&limit=30>
{'add_time': 1660705820,
 'hotScore': 3873,
 'img': 'http://bjnewsrec-cv.ws.126.net/little7351aa58c02j00qcv9gz000vc000dw0099c.jpg',
 'source': '读历史看世界',
 'status': 1,
 'text': '',
 'title': '美国共产党在如今的美国是什么地位？有机会推翻资本主义制度吗？',
 'update_time': 1660705820,
 'url': 'https://3g.163.com/news/article/HEURUBO60552RA93.html'}
2022-08-17 11:10:20 [scrapy.core.scraper] DEBUG: Scraped from <200 https://gw.m.163.com/gentie-web/api/v2/products/a2869674571f77b5a0867c3d71db5856/rankDocs/all/list?ibc=newsapph5&limit=30>
{'add_time': 1660705820,
 'hotScore': 3843,
 'img': 'http://cms-bucket.ws.126.net/2022/0817/7b146b42j00rgqfsx000oc000s600e3c.jpg',
 'source': '北京日报',
 'status': 1,
 'text': '看这几个的流调，为什么韩国和台湾的居多，都是同一架航班上的吗？',
 'title': '北京昨日新增本土"1+1" 新增境外输入"21+5"',
 'update_time': 1660705820,
 'url': 'https://3g.163.com/news/article/HEV5GGTD0001899O.html'}
2022-08-17 11:10:20 [scrapy.core.scraper] DEBUG: Scraped from <200 https://gw.m.163.com/gentie-web/api/v2/products/a2869674571f77b5a0867c3d71db5856/rankDocs/all/list?ibc=newsapph5&limit=30>
{'add_time': 1660705820,
 'hotScore': 3839,
 'img': '',
 'source': '七台河关注',
 'status': 1,
 'text': '特别是高速公路上的这种灯，遇到下雨天，那光线刺的你眼睛都睁不开，非常危险。',
 'title': '这是杀人灯，建议取消',
 'update_time': 1660705820,
 'url': 'https://3g.163.com/news/article/HET8C0LT0534C72H.html'}
2022-08-17 11:10:20 [scrapy.core.scraper] DEBUG: Scraped from <200 https://gw.m.163.com/gentie-web/api/v2/products/a2869674571f77b5a0867c3d71db5856/rankDocs/all/list?ibc=newsapph5&limit=30>
{'add_time': 1660705820,
 'hotScore': 3778,
 'img': '',
 'source': '环球网',
 'status': 1,
 'text': '就怕他为了拉升自己的股票放出烟雾弹。等一段时间就又说我不买了',
 'title': '快讯！马斯克发推：正收购曼联，不用谢',
 'update_time': 1660705820,
 'url': 'https://3g.163.com/news/article/HEV8KNGG0001899N.html'}
2022-08-17 11:10:20 [scrapy.core.scraper] DEBUG: Scraped from <200 https://gw.m.163.com/gentie-web/api/v2/products/a2869674571f77b5a0867c3d71db5856/rankDocs/all/list?ibc=newsapph5&limit=30>
{'add_time': 1660705820,
 'hotScore': 3773,
 'img': '',
 'source': '央视',
 'status': 1,
 'text': '',
 'title': '李克强主持召开经济大省政府负责人经济形势座谈会',
 'update_time': 1660705820,
 'url': 'https://3g.163.com/news/article/HETQ5AV700259DLP.html'}
2022-08-17 11:10:20 [scrapy.core.scraper] DEBUG: Scraped from <200 https://gw.m.163.com/gentie-web/api/v2/products/a2869674571f77b5a0867c3d71db5856/rankDocs/all/list?ibc=newsapph5&limit=30>
{'add_time': 1660705820,
 'hotScore': 3758,
 'img': 'http://dingyue.ws.126.net/2022/0817/59a5118bj00rgqghh007oc000hs007im.jpg',
 'source': '大猫财经',
 'status': 1,
 'text': '',
 'title': '公务员的退休工资，凭啥那么高？',
 'update_time': 1660705820,
 'url': 'https://3g.163.com/news/article/HEV6JJ1M0519E14O.html'}
2022-08-17 11:10:20 [scrapy.core.scraper] DEBUG: Scraped from <200 https://gw.m.163.com/gentie-web/api/v2/products/a2869674571f77b5a0867c3d71db5856/rankDocs/all/list?ibc=newsapph5&limit=30>
{'add_time': 1660705820,
 'hotScore': 3753,
 'img': 'http://bjnewsrec-cv.ws.126.net/little186bf599b4dj00rgpziw005yd200u000kvg00it00d2.jpg',
 'source': '泽平宏观',
 'status': 1,
 'text': '不是不生 关键是娶不到老婆[大笑]',
 'title': '出生人口大幅下降，加大鼓励生育力度：中国生育报告2022',
 'update_time': 1660705820,
 'url': 'https://3g.163.com/news/article/HEUHL9L00519NINF.html'}
2022-08-17 11:10:20 [scrapy.core.scraper] DEBUG: Scraped from <200 https://gw.m.163.com/gentie-web/api/v2/products/a2869674571f77b5a0867c3d71db5856/rankDocs/all/list?ibc=newsapph5&limit=30>
{'add_time': 1660705820,
 'hotScore': 3697,
 'img': 'http://dingyue.ws.126.net/2022/0816/334116c0j00rgpmxa00a8c000hs00akm.jpg',
 'source': '历史烟云',
 'status': 1,
 'text': '意思就是所有联网设备都在监控中？',
 'title': '2013年，国安局发现一iPad连续向境外发送数据，机主是一健身教练',
 'update_time': 1660705820,
 'url': 'https://3g.163.com/news/article/HEU22DR30523CU4G.html'}
2022-08-17 11:10:20 [scrapy.core.scraper] DEBUG: Scraped from <200 https://gw.m.163.com/gentie-web/api/v2/products/a2869674571f77b5a0867c3d71db5856/rankDocs/all/list?ibc=newsapph5&limit=30>
{'add_time': 1660705820,
 'hotScore': 3537,
 'img': 'http://bjnewsrec-cv.ws.126.net/little2955cd52b08j00rgqcg800cyd000fu00bpp.jpg',
 'source': '篮球快餐车',
 'status': 1,
 'text': '',
 'title': '26分惨败！2米27张子宇软肋曝光：对手靠一点掐死女姚明',
 'update_time': 1660705820,
 'url': 'https://3g.163.com/news/article/HEV1OLNV05299OU6.html'}
2022-08-17 11:10:20 [scrapy.core.scraper] DEBUG: Scraped from <200 https://gw.m.163.com/gentie-web/api/v2/products/a2869674571f77b5a0867c3d71db5856/rankDocs/all/list?ibc=newsapph5&limit=30>
{'add_time': 1660705820,
 'hotScore': 3468,
 'img': 'http://bjnewsrec-cv.ws.126.net/little626fcdce51aj00rgp8fe00elc000z900n4g.jpg',
 'source': '海外网',
 'status': 1,
 'text': '天天这么炸，怎么玩的下去，乌克兰不讲武德。',
 'title': '克里米亚起火弹药储存点仍在爆炸 已有2人受伤',
 'update_time': 1660705820,
 'url': 'https://3g.163.com/news/article/HETH09T70514R9L4.html'}
2022-08-17 11:10:20 [scrapy.core.scraper] DEBUG: Scraped from <200 https://gw.m.163.com/gentie-web/api/v2/products/a2869674571f77b5a0867c3d71db5856/rankDocs/all/list?ibc=newsapph5&limit=30>
{'add_time': 1660705820,
 'hotScore': 3427,
 'img': 'http://cms-bucket.ws.126.net/2022/0816/859a37c2p00rgpd9h001kc0009c0070c.png',
 'source': '极目新闻',
 'status': 1,
 'text': '社会公平正义很重要，生那么多自己就要考虑能否负担的起，不是觉得困难了就要社会帮你养，其他人怎么帮？',
 'title': '“8孩父亲”求助县委书记未果后发声：会尽力让孩子完成学业 ',
 'update_time': 1660705820,
 'url': 'https://3g.163.com/news/article/HETKP3BP0001899O.html'}
2022-08-17 11:10:20 [scrapy.core.scraper] DEBUG: Scraped from <200 https://gw.m.163.com/gentie-web/api/v2/products/a2869674571f77b5a0867c3d71db5856/rankDocs/all/list?ibc=newsapph5&limit=30>
{'add_time': 1660705820,
 'hotScore': 3343,
 'img': 'http://bjnewsrec-cv.ws.126.net/big553b00349dfj00rgp2ys0026c000jg00cyg.jpg',
 'source': '优品看台',
 'status': 1,
 'text': '',
 'title': '香港与新加坡的差距扩大，2022年上半年印尼新加坡菲律宾马来西亚香港GDP状况',
 'update_time': 1660705820,
 'url': 'https://3g.163.com/news/article/HET9C8TC05348GIR.html'}
2022-08-17 11:10:20 [scrapy.core.scraper] DEBUG: Scraped from <200 https://gw.m.163.com/gentie-web/api/v2/products/a2869674571f77b5a0867c3d71db5856/rankDocs/all/list?ibc=newsapph5&limit=30>
{'add_time': 1660705820,
 'hotScore': 3302,
 'img': 'http://bjnewsrec-cv.ws.126.net/little116bb2149b9j00rgpj7k000kd200dw0099g00it00ci.jpg',
 'source': '政知新媒体',
 'status': 1,
 'text': '法律就是不管你在天涯海角都把你抓回来伏法',
 'title': '持枪、监听手下！年近70岁的“赣南王”领刑，落马当晚市民放鞭炮庆祝',
 'update_time': 1660705820,
 'url': 'https://3g.163.com/news/article/HETTEOSP051482MP.html'}
2022-08-17 11:10:20 [scrapy.core.engine] INFO: Closing spider (finished)
2022-08-17 11:10:20 [scrapy.statscollectors] INFO: Dumping Scrapy stats:
{'downloader/request_bytes': 312,
 'downloader/request_count': 1,
 'downloader/request_method_count/GET': 1,
 'downloader/response_bytes': 8238,
 'downloader/response_count': 1,
 'downloader/response_status_count/200': 1,
 'elapsed_time_seconds': 1.306005,
 'finish_reason': 'finished',
 'finish_time': datetime.datetime(2022, 8, 17, 3, 10, 20, 575759),
 'httpcompression/response_bytes': 23636,
 'httpcompression/response_count': 1,
 'item_scraped_count': 30,
 'log_count/DEBUG': 31,
 'log_count/INFO': 10,
 'log_count/WARNING': 1,
 'memusage/max': 68714496,
 'memusage/startup': 68714496,
 'response_received_count': 1,
 'scheduler/dequeued': 1,
 'scheduler/dequeued/memory': 1,
 'scheduler/enqueued': 1,
 'scheduler/enqueued/memory': 1,
 'start_time': datetime.datetime(2022, 8, 17, 3, 10, 19, 269754)}
2022-08-17 11:10:20 [scrapy.core.engine] INFO: Spider closed (finished)
