2022-06-06 14:18:41 [scrapy.utils.log] INFO: Scrapy 2.5.1 started (bot: weixin_log)
2022-06-06 14:18:41 [scrapy.utils.log] INFO: Versions: lxml 4.7.1.0, libxml2 2.9.12, cssselect 1.1.0, parsel 1.6.0, w3lib 1.22.0, Twisted 21.7.0, Python 3.8.12 | packaged by conda-forge | (default, Oct 12 2021, 23:40:23) - [GCC 9.4.0], pyOpenSSL 21.0.0 (OpenSSL 1.1.1m  14 Dec 2021), cryptography 36.0.1, Platform Linux-5.4.0-1060-raspi-aarch64-with-glibc2.17
2022-06-06 14:18:41 [scrapy.utils.log] DEBUG: Using reactor: twisted.internet.epollreactor.EPollReactor
2022-06-06 14:18:41 [scrapy.crawler] INFO: Overridden settings:
{'BOT_NAME': 'weixin_log',
 'LOG_FILE': 'logs/weixin_log/weixin/ac7ff276bd4111ecb5e1b708da8c9b64.log',
 'NEWSPIDER_MODULE': 'weixin_log.spiders',
 'SPIDER_MODULES': ['weixin_log.spiders']}
2022-06-06 14:18:42 [scrapy.extensions.telnet] INFO: Telnet Password: ee48697d950c0e22
2022-06-06 14:18:42 [scrapy.middleware] INFO: Enabled extensions:
['scrapy.extensions.corestats.CoreStats',
 'scrapy.extensions.telnet.TelnetConsole',
 'scrapy.extensions.memusage.MemoryUsage',
 'scrapy.extensions.logstats.LogStats']
2022-06-06 14:18:42 [root] WARNING: ==============Spider Info=================
2022-06-06 14:18:42 [root] WARNING: province
2022-06-06 14:18:42 [root] WARNING: 6258457f84b8ca91d13498ca
2022-06-06 14:18:42 [root] WARNING: ==============Spider Info End=============
2022-06-06 14:18:42 [scrapy.middleware] INFO: Enabled downloader middlewares:
['scrapy.downloadermiddlewares.httpauth.HttpAuthMiddleware',
 'scrapy.downloadermiddlewares.downloadtimeout.DownloadTimeoutMiddleware',
 'scrapy.downloadermiddlewares.defaultheaders.DefaultHeadersMiddleware',
 'scrapy.downloadermiddlewares.useragent.UserAgentMiddleware',
 'scrapy.downloadermiddlewares.retry.RetryMiddleware',
 'scrapy.downloadermiddlewares.redirect.MetaRefreshMiddleware',
 'scrapy.downloadermiddlewares.httpcompression.HttpCompressionMiddleware',
 'scrapy.downloadermiddlewares.redirect.RedirectMiddleware',
 'scrapy.downloadermiddlewares.cookies.CookiesMiddleware',
 'scrapy.downloadermiddlewares.httpproxy.HttpProxyMiddleware',
 'scrapy.downloadermiddlewares.stats.DownloaderStats']
2022-06-06 14:18:42 [scrapy.middleware] INFO: Enabled spider middlewares:
['scrapy.spidermiddlewares.httperror.HttpErrorMiddleware',
 'scrapy.spidermiddlewares.offsite.OffsiteMiddleware',
 'scrapy.spidermiddlewares.referer.RefererMiddleware',
 'scrapy.spidermiddlewares.urllength.UrlLengthMiddleware',
 'scrapy.spidermiddlewares.depth.DepthMiddleware']
2022-06-06 14:18:42 [scrapy.middleware] INFO: Enabled item pipelines:
['weixin_log.pipelines.MongodbPipeline']
2022-06-06 14:18:42 [scrapy.core.engine] INFO: Spider opened
2022-06-06 14:18:42 [scrapy.extensions.logstats] INFO: Crawled 0 pages (at 0 pages/min), scraped 0 items (at 0 items/min)
2022-06-06 14:18:42 [scrapy.extensions.telnet] INFO: Telnet console listening on 127.0.0.1:6023
2022-06-06 14:18:42 [root] WARNING: item in mongodb:
2022-06-06 14:18:42 [root] WARNING: {'_id': ObjectId('6258457f84b8ca91d13498ca'), 'title': '注意！教师资格证笔试成绩查询提前公布！赶紧来查成绩→', 'url': 'https://mp.weixin.qq.com/s?__biz=MzI2NDEzMzY1Mg==&mid=2652362792&idx=2&sn=22bbf7673e5eee6f873a5164a97c1c1e&chksm=f1523553c625bc4546bb104c26921f092bd79e61a9f6aa00ccaa1d2bbe7e3cbb77ebd6e8a900&scene=27', 'key_words': '', 'locations': '', 'text': '\n2022年上半年中小学教师资格考试（笔试）成绩查分入口已于2022年4月14日20点起开放，请考生错峰查询。一、发布时间2022年4月14日20时\u3000\u3000二、查询方式1.中国教育考试网网址:http://ntce.neea.edu.cn/ntce/（点击文末阅读原文可直达）2.中国教育考试网微信小程序使用微信APP扫描下方小程序码或搜索“中国教育考试网”小程序。3.中国教育考试网百度小程序使用百度APP扫描下方小程序码或搜索“中国教育考试网”小程序。\u3000\u3000教育部教育考试院\u3000\u30002022年4月14日来源：中国教育考试网编辑：赵野平编审：安轶伦审签：彭奇伟\n', 'issue_date': '2022-04-14 17:12:26', 'add_time': 1649952127, 'status': 0, 'biz': 'MzI2NDEzMzY1Mg==', 'uin': 'MzY1Nzg5NzAxMQ%3D%3D', 'name': '多彩贵州网', 'check_time': 1649983215, 'logs': [{'check_time': 1649953935, 'read_num': 2808}, {'check_time': 1649957835, 'read_num': 2831}, {'check_time': 1649966775, 'read_num': 2858}, {'check_time': 1649971035, 'read_num': 2871}, {'check_time': 1649972295, 'read_num': 2878}, {'check_time': 1649979500, 'read_num': 2946}, {'check_time': 1649983215, 'read_num': 2980}]}
2022-06-06 14:18:42 [scrapy.core.engine] DEBUG: Crawled (200) <POST https://mp.weixin.qq.com/mp/getappmsgext?wx_header=1> (referer: None)
2022-06-06 14:18:42 [scrapy.core.scraper] DEBUG: Scraped from <200 https://mp.weixin.qq.com/mp/getappmsgext?wx_header=1>
{'check_time': 1654496322, 'read_num': 3297}
2022-06-06 14:18:42 [scrapy.core.engine] INFO: Closing spider (finished)
2022-06-06 14:18:42 [scrapy.statscollectors] INFO: Dumping Scrapy stats:
{'downloader/request_bytes': 959,
 'downloader/request_count': 1,
 'downloader/request_method_count/POST': 1,
 'downloader/response_bytes': 688,
 'downloader/response_count': 1,
 'downloader/response_status_count/200': 1,
 'elapsed_time_seconds': 0.603331,
 'finish_reason': 'finished',
 'finish_time': datetime.datetime(2022, 6, 6, 6, 18, 42, 844647),
 'httpcompression/response_bytes': 901,
 'httpcompression/response_count': 1,
 'item_scraped_count': 1,
 'log_count/DEBUG': 2,
 'log_count/INFO': 10,
 'log_count/WARNING': 6,
 'memusage/max': 68718592,
 'memusage/startup': 68718592,
 'response_received_count': 1,
 'scheduler/dequeued': 1,
 'scheduler/dequeued/memory': 1,
 'scheduler/enqueued': 1,
 'scheduler/enqueued/memory': 1,
 'start_time': datetime.datetime(2022, 6, 6, 6, 18, 42, 241316)}
2022-06-06 14:18:42 [scrapy.core.engine] INFO: Spider closed (finished)
