2022-06-06 14:18:31 [scrapy.utils.log] INFO: Scrapy 2.5.1 started (bot: weixin_log)
2022-06-06 14:18:31 [scrapy.utils.log] INFO: Versions: lxml 4.7.1.0, libxml2 2.9.12, cssselect 1.1.0, parsel 1.6.0, w3lib 1.22.0, Twisted 21.7.0, Python 3.8.12 | packaged by conda-forge | (default, Oct 12 2021, 23:40:23) - [GCC 9.4.0], pyOpenSSL 21.0.0 (OpenSSL 1.1.1m  14 Dec 2021), cryptography 36.0.1, Platform Linux-5.4.0-1060-raspi-aarch64-with-glibc2.17
2022-06-06 14:18:31 [scrapy.utils.log] DEBUG: Using reactor: twisted.internet.epollreactor.EPollReactor
2022-06-06 14:18:31 [scrapy.crawler] INFO: Overridden settings:
{'BOT_NAME': 'weixin_log',
 'LOG_FILE': 'logs/weixin_log/weixin/ba58d365bcc311ecb5e1b708da8c9b64.log',
 'NEWSPIDER_MODULE': 'weixin_log.spiders',
 'SPIDER_MODULES': ['weixin_log.spiders']}
2022-06-06 14:18:32 [scrapy.extensions.telnet] INFO: Telnet Password: 6b529402e983bf54
2022-06-06 14:18:32 [scrapy.middleware] INFO: Enabled extensions:
['scrapy.extensions.corestats.CoreStats',
 'scrapy.extensions.telnet.TelnetConsole',
 'scrapy.extensions.memusage.MemoryUsage',
 'scrapy.extensions.logstats.LogStats']
2022-06-06 14:18:32 [root] WARNING: ==============Spider Info=================
2022-06-06 14:18:32 [root] WARNING: province
2022-06-06 14:18:32 [root] WARNING: 625958a34531e340d8f98f71
2022-06-06 14:18:32 [root] WARNING: ==============Spider Info End=============
2022-06-06 14:18:32 [scrapy.middleware] INFO: Enabled downloader middlewares:
['scrapy.downloadermiddlewares.httpauth.HttpAuthMiddleware',
 'scrapy.downloadermiddlewares.downloadtimeout.DownloadTimeoutMiddleware',
 'scrapy.downloadermiddlewares.defaultheaders.DefaultHeadersMiddleware',
 'scrapy.downloadermiddlewares.useragent.UserAgentMiddleware',
 'scrapy.downloadermiddlewares.retry.RetryMiddleware',
 'scrapy.downloadermiddlewares.redirect.MetaRefreshMiddleware',
 'scrapy.downloadermiddlewares.httpcompression.HttpCompressionMiddleware',
 'scrapy.downloadermiddlewares.redirect.RedirectMiddleware',
 'scrapy.downloadermiddlewares.cookies.CookiesMiddleware',
 'scrapy.downloadermiddlewares.httpproxy.HttpProxyMiddleware',
 'scrapy.downloadermiddlewares.stats.DownloaderStats']
2022-06-06 14:18:32 [scrapy.middleware] INFO: Enabled spider middlewares:
['scrapy.spidermiddlewares.httperror.HttpErrorMiddleware',
 'scrapy.spidermiddlewares.offsite.OffsiteMiddleware',
 'scrapy.spidermiddlewares.referer.RefererMiddleware',
 'scrapy.spidermiddlewares.urllength.UrlLengthMiddleware',
 'scrapy.spidermiddlewares.depth.DepthMiddleware']
2022-06-06 14:18:32 [scrapy.middleware] INFO: Enabled item pipelines:
['weixin_log.pipelines.MongodbPipeline']
2022-06-06 14:18:32 [scrapy.core.engine] INFO: Spider opened
2022-06-06 14:18:32 [scrapy.extensions.logstats] INFO: Crawled 0 pages (at 0 pages/min), scraped 0 items (at 0 items/min)
2022-06-06 14:18:32 [scrapy.extensions.telnet] INFO: Telnet console listening on 127.0.0.1:6023
2022-06-06 14:18:32 [root] WARNING: item in mongodb:
2022-06-06 14:18:32 [root] WARNING: {'_id': ObjectId('625958a34531e340d8f98f71'), 'title': '从两方面入手，贵州国企改革成效显著', 'url': 'https://mp.weixin.qq.com/s?__biz=MzA5MDEwNzA4MQ==&mid=2658943712&idx=4&sn=668eb99f465f275324b458591da3074c&chksm=8b985f46bcefd650f9183ea330c8c7e9a76019a93a2ded01c9b5b8f030cf9dcdcd0e08a62977&scene=27', 'key_words': '', 'locations': '', 'text': '\n4月15日，记者从贵州省委宣传部召开的“‘奋进新征程 建功新时代’迎接贵州省第十三次党代会系列新闻发布会——深化改革专场”获悉，省第十二次党代会以来，省委省政府主要从两个方面入手，深化国企改革、强化完善国资监管、推动国有企业做强做优做大。\u3000\u3000省国资委党委委员、副主任方东介绍，一方面，深入贯彻落实习近平总书记关于国资国企改革系列重要指示批示精神和省第十二次党代会精神，按照市场化、规模化、专业化要求，结合实际情况，贵州相继组建了盘江煤电、磷化集团等8户大型国有企业。通过整合重组，企业主责主业更加清晰、产业布局更加优化、资源配置更加合理，企业盈利能力持续向好，国有企业在我省经济社会发展中的重要支柱作用得到更好发挥。\u3000\u3000另一方面，按照国家统一部署，实施国企改革三年行动，并在完善中国特色现代企业制度；推进国有经济布局优化和结构调整；积极稳妥深化混合所有制改革；健全市场化经营机制；形成以管资本为主的国有资产监管体制；加强国有企业党建等六方面取得了成效。省国资委党委委员、副主任 方东\u3000\u3000“今年是国企改革三年行动收官之年，也是贯彻落实新国发2号文的开局之年，我们将重点抓好三项工作：一是强化落实工作目标，确保国企改革三年行动保质保量如期完成；二是狠抓国企改革工作实效，更加注重解决企业治理能力和治理体系现代化问题；三是突出优秀经验固化总结，把优秀改革经验纳入公司章程等制度体系，形成管长远的体制机制。”方东说。来源：多彩贵州网\n', 'issue_date': '2022-04-15 19:31:00', 'add_time': 1650022563, 'status': 0, 'biz': 'MzA5MDEwNzA4MQ==', 'uin': 'MzY1Nzg5NzAxMQ%3D%3D', 'name': '贵州发布', 'check_time': 1650030725, 'logs': [{'check_time': 1650023825, 'read_num': 44}, {'check_time': 1650025175, 'read_num': 60}, {'check_time': 1650025805, 'read_num': 63}, {'check_time': 1650029435, 'read_num': 77}, {'check_time': 1650030046, 'read_num': 81}, {'check_time': 1650030095, 'read_num': 81}, {'check_time': 1650030425, 'read_num': 82}, {'check_time': 1650030725, 'read_num': 83}]}
2022-06-06 14:18:32 [scrapy.core.engine] DEBUG: Crawled (200) <POST https://mp.weixin.qq.com/mp/getappmsgext?wx_header=1> (referer: None)
2022-06-06 14:18:32 [scrapy.core.scraper] ERROR: Spider error processing <POST https://mp.weixin.qq.com/mp/getappmsgext?wx_header=1> (referer: None)
Traceback (most recent call last):
  File "/root/archiconda3/envs/spider/lib/python3.8/site-packages/scrapy/utils/defer.py", line 120, in iter_errback
    yield next(it)
  File "/root/archiconda3/envs/spider/lib/python3.8/site-packages/scrapy/utils/python.py", line 353, in __next__
    return next(self.data)
  File "/root/archiconda3/envs/spider/lib/python3.8/site-packages/scrapy/utils/python.py", line 353, in __next__
    return next(self.data)
  File "/root/archiconda3/envs/spider/lib/python3.8/site-packages/scrapy/core/spidermw.py", line 56, in _evaluate_iterable
    for r in iterable:
  File "/root/archiconda3/envs/spider/lib/python3.8/site-packages/scrapy/spidermiddlewares/offsite.py", line 29, in process_spider_output
    for x in result:
  File "/root/archiconda3/envs/spider/lib/python3.8/site-packages/scrapy/core/spidermw.py", line 56, in _evaluate_iterable
    for r in iterable:
  File "/root/archiconda3/envs/spider/lib/python3.8/site-packages/scrapy/spidermiddlewares/referer.py", line 342, in <genexpr>
    return (_set_referer(r) for r in result or ())
  File "/root/archiconda3/envs/spider/lib/python3.8/site-packages/scrapy/core/spidermw.py", line 56, in _evaluate_iterable
    for r in iterable:
  File "/root/archiconda3/envs/spider/lib/python3.8/site-packages/scrapy/spidermiddlewares/urllength.py", line 40, in <genexpr>
    return (r for r in result or () if _filter(r))
  File "/root/archiconda3/envs/spider/lib/python3.8/site-packages/scrapy/core/spidermw.py", line 56, in _evaluate_iterable
    for r in iterable:
  File "/root/archiconda3/envs/spider/lib/python3.8/site-packages/scrapy/spidermiddlewares/depth.py", line 58, in <genexpr>
    return (r for r in result or () if _filter(r))
  File "/root/archiconda3/envs/spider/lib/python3.8/site-packages/scrapy/core/spidermw.py", line 56, in _evaluate_iterable
    for r in iterable:
  File "/tmp/weixin_log-1649924554-989qgxh8.egg/weixin_log/spiders/weixin.py", line 73, in parse
    read_num = res_dict['appmsgstat']['read_num']
KeyError: 'appmsgstat'
2022-06-06 14:18:32 [scrapy.core.engine] INFO: Closing spider (finished)
2022-06-06 14:18:32 [scrapy.statscollectors] INFO: Dumping Scrapy stats:
{'downloader/request_bytes': 852,
 'downloader/request_count': 1,
 'downloader/request_method_count/POST': 1,
 'downloader/response_bytes': 265,
 'downloader/response_count': 1,
 'downloader/response_status_count/200': 1,
 'elapsed_time_seconds': 0.391321,
 'finish_reason': 'finished',
 'finish_time': datetime.datetime(2022, 6, 6, 6, 18, 32, 629592),
 'log_count/DEBUG': 1,
 'log_count/ERROR': 1,
 'log_count/INFO': 10,
 'log_count/WARNING': 6,
 'memusage/max': 68411392,
 'memusage/startup': 68411392,
 'response_received_count': 1,
 'scheduler/dequeued': 1,
 'scheduler/dequeued/memory': 1,
 'scheduler/enqueued': 1,
 'scheduler/enqueued/memory': 1,
 'spider_exceptions/KeyError': 1,
 'start_time': datetime.datetime(2022, 6, 6, 6, 18, 32, 238271)}
2022-06-06 14:18:32 [scrapy.core.engine] INFO: Spider closed (finished)
