2022-06-06 14:18:36 [scrapy.utils.log] INFO: Scrapy 2.5.1 started (bot: weixin_log)
2022-06-06 14:18:36 [scrapy.utils.log] INFO: Versions: lxml 4.7.1.0, libxml2 2.9.12, cssselect 1.1.0, parsel 1.6.0, w3lib 1.22.0, Twisted 21.7.0, Python 3.8.12 | packaged by conda-forge | (default, Oct 12 2021, 23:40:23) - [GCC 9.4.0], pyOpenSSL 21.0.0 (OpenSSL 1.1.1m  14 Dec 2021), cryptography 36.0.1, Platform Linux-5.4.0-1060-raspi-aarch64-with-glibc2.17
2022-06-06 14:18:36 [scrapy.utils.log] DEBUG: Using reactor: twisted.internet.epollreactor.EPollReactor
2022-06-06 14:18:36 [scrapy.crawler] INFO: Overridden settings:
{'BOT_NAME': 'weixin_log',
 'LOG_FILE': 'logs/weixin_log/weixin/c74a73a5bcc311ecb5e1b708da8c9b64.log',
 'NEWSPIDER_MODULE': 'weixin_log.spiders',
 'SPIDER_MODULES': ['weixin_log.spiders']}
2022-06-06 14:18:37 [scrapy.extensions.telnet] INFO: Telnet Password: 706c28249e4402cf
2022-06-06 14:18:37 [scrapy.middleware] INFO: Enabled extensions:
['scrapy.extensions.corestats.CoreStats',
 'scrapy.extensions.telnet.TelnetConsole',
 'scrapy.extensions.memusage.MemoryUsage',
 'scrapy.extensions.logstats.LogStats']
2022-06-06 14:18:37 [root] WARNING: ==============Spider Info=================
2022-06-06 14:18:37 [root] WARNING: province
2022-06-06 14:18:37 [root] WARNING: 62593edd4a770e06c9810e4d
2022-06-06 14:18:37 [root] WARNING: ==============Spider Info End=============
2022-06-06 14:18:37 [scrapy.middleware] INFO: Enabled downloader middlewares:
['scrapy.downloadermiddlewares.httpauth.HttpAuthMiddleware',
 'scrapy.downloadermiddlewares.downloadtimeout.DownloadTimeoutMiddleware',
 'scrapy.downloadermiddlewares.defaultheaders.DefaultHeadersMiddleware',
 'scrapy.downloadermiddlewares.useragent.UserAgentMiddleware',
 'scrapy.downloadermiddlewares.retry.RetryMiddleware',
 'scrapy.downloadermiddlewares.redirect.MetaRefreshMiddleware',
 'scrapy.downloadermiddlewares.httpcompression.HttpCompressionMiddleware',
 'scrapy.downloadermiddlewares.redirect.RedirectMiddleware',
 'scrapy.downloadermiddlewares.cookies.CookiesMiddleware',
 'scrapy.downloadermiddlewares.httpproxy.HttpProxyMiddleware',
 'scrapy.downloadermiddlewares.stats.DownloaderStats']
2022-06-06 14:18:37 [scrapy.middleware] INFO: Enabled spider middlewares:
['scrapy.spidermiddlewares.httperror.HttpErrorMiddleware',
 'scrapy.spidermiddlewares.offsite.OffsiteMiddleware',
 'scrapy.spidermiddlewares.referer.RefererMiddleware',
 'scrapy.spidermiddlewares.urllength.UrlLengthMiddleware',
 'scrapy.spidermiddlewares.depth.DepthMiddleware']
2022-06-06 14:18:37 [scrapy.middleware] INFO: Enabled item pipelines:
['weixin_log.pipelines.MongodbPipeline']
2022-06-06 14:18:37 [scrapy.core.engine] INFO: Spider opened
2022-06-06 14:18:37 [scrapy.extensions.logstats] INFO: Crawled 0 pages (at 0 pages/min), scraped 0 items (at 0 items/min)
2022-06-06 14:18:37 [scrapy.extensions.telnet] INFO: Telnet console listening on 127.0.0.1:6023
2022-06-06 14:18:37 [root] WARNING: item in mongodb:
2022-06-06 14:18:37 [root] WARNING: {'_id': ObjectId('62593edd4a770e06c9810e4d'), 'title': '244人！贵阳市2022年公开招聘事业单位人员（附岗位表）', 'url': 'https://mp.weixin.qq.com/s?__biz=MzA5Mzk0OTQwMA==&mid=2651030723&idx=3&sn=1d6183e1722c0dfe3d27c0e29bb25c37&chksm=8ba13874bcd6b16253289c6dac86fb8eb63636a6969b9e9a01652f1f3dedec5e92b66a90c10a&scene=27', 'key_words': '', 'locations': '', 'text': '\n根据工作需要和事业单位公开招聘工作的相关规定，经研究，决定组织开展贵阳市2022年市属事业单位工作人员公开招聘工作。为严明工作纪律，确保招聘工作公平、公正、公开，现就有关事宜公告如下:一、考生报考前务必认真阅读并悉知《贵阳市2022年公开招聘市属事业单位工作人员简章》内容，仔细对照《贵阳市2022年公开招聘市属事业单位工作人员岗位一览表》中所设置的报考资格条件，合理选择岗位。二、报考人员就自觉遵守有关要求，如实填报个人信息，按照《简章》规定提交所需材料，任何环节发现弄虚作假、有违公平竞争行为的，一律取消招聘资格，并记入个人诚信记录。三、招聘过程中，将根据疫情防控工作需要发布有关事项，请招考人员密切关注“贵阳市人力资源和社会保障网”(http://rsj.guiyang.gov.cn/)及招考单位发布的有关公告或通知，并按要求配合做好相应工作。贵阳市事业单位公开招聘工作人员工作领导小组办公室2022年4月14日贵阳市2022年公开招聘市属事业单位工作人员简章向上滑动阅览为加强我市事业单位工作人员队伍建设，优化人员结构，增强单位活力，满足单位用人需求，根据事业单位公开招聘工作规定，决定开展公开招聘市属事业单位工作人员工作。为确保招聘工作顺利进行，特制定《贵阳市2022年公开招聘市属事业单位工作人员简章》（以下简称《招聘简章》）。\xa0一、工作原则及程序招聘工作坚持“公开平等、竞争择优”的原则，采取考试与考核相结合、信息公开、过程公开、结果公开的方法进行。招聘工作按照编制招聘计划、发布招聘公告、报名、资格初审、笔试、语言能力测试、资格复审、专业测试、面试（试教）、体检、考核、公示、办理聘用手续的程序进行。招聘工作在贵阳市事业单位公开招聘工作人员工作领导小组的领导下，由贵阳市事业单位公开招聘工作人员工作领导小组办公室（以下简称“市招聘工作办公室”）组织实施。二、招聘计划及岗位本次共计划招聘市属事业单位工作人员244人（含贵安新区），其中：管理岗位89人，专业技术岗位151人，教师岗位4人。具体招聘情况详见《贵阳市2022年公开招聘市属事业单位工作人员岗位一栏表》（《附件2》）。本次招聘设A、B、C三种岗位类别，其中，A类为管理人员岗位，B类为专业技术人员岗位,C类为教师岗位。三、招聘对象及报考资格条件（一）招聘对象1.国家承认学历的大专及以上毕业生。2.定向招聘“基层项目服务人员”的岗位，限截止2022年4月21日由省级及以上机关统一选派在贵阳市及贵安新区直管区乡（镇、街道）服务满两年及以上且仍在岗或服务期满考核合格的“三支一扶计划”、“选聘高校毕业生到村任职”、“一村一名大学生工程”、“大学生志愿服务西部计划”和由贵阳市统一选派的“一社区一名大学生计划”五类人员报考。已被机关事业单位录取或聘用的基层项目人员，不得再报考该类岗位。3.定向招聘“退役大学生士兵”的岗位，限生源地或兵源地为贵阳市及贵安新区直管区乡（镇、街道）、截止2022年4月21日已办理退役手续的大学生士兵。退役大学生士兵是指普通高等教育全日制高校学生在校期间应征入伍退役后完成学业或毕业后应征入伍的退役士兵。4.定向招聘随军家属的岗位，招聘对象为经部队师级以上政治机关批准，随军安置生活的驻筑部队军人家属。（二）报考资格条件1.具有中华人民共和国国籍,拥护中华人民共和国宪法，拥护中国共产党的领导，热爱祖国,热爱社会主义，遵纪守法，具有良好的品行，具有应聘岗位需要的学历、学位、专业知识和实际工作能力，资格条件详见《附件2》。2.年龄在18周岁及以上（2004年4月21日及以前出生）、35周岁及以下（1986年4月22日及以后出生）；具有硕士研究生及以上学历、学位或具有报考专业技术岗位相应中级及以上专业技术职称的人员年龄可放宽到40周岁（1981年4月22日及以后出生）；具有博士研究生及以上学历、学位或具有报考专业技术岗位相应高级及以上专业技术职称的人员年龄可放宽到45周岁（1976年4月22日及以后出生）。3.身体健康，具有正常履行招聘岗位职责的身体条件。4.招聘岗位明确要求有相关工作经历的，报考人员必须具备符合要求的工作经历。招聘岗位要求有基层工作经历的，报考人员必须具备相应的基层工作经历。基层工作经历指的是具有在县级及以下党政机关、各级国有企事业单位、村（社区）组织及其他经济组织、社会组织等工作的经历。在军队团和相当于团以下单位工作或义务兵服役的经历，可视为基层工作经历。离校未就业高校毕业生到高校毕业生见习基地参加见习或者到企事业单位参与项目研究的经历，可视为基层工作经历。在校期间（指入学至毕业证书颁发前）的社会实践和其他就业经历，不视为工作经历。工作经历时间计算截止至2022年4月21日。5.本省户籍或本省生源取得高级工、预备技师职业资格证的高级技校或技师学院普通高等教育毕业生，可以对应报考学历条件为国家承认学历的大专、本科学历的岗位。（三）以下人员不得报考1.在职公务员（含参照公务员法管理的工作人员）。2.事业单位新招聘在试用期内的。3.截止2022年9月30日仍未取得毕业证的。4.截止2022年8月31日仍在岗的“农村义务教育阶段学校教师特设岗位计划”人员。5.事业单位在职在编未经单位或人事主管部门同意报考的人员。6.曾因犯罪受过刑事处罚的。7.曾被开除公职未满5年的。8.在各级公务员招考、事业单位招聘中被认定有舞弊、违规等行为且仍在不得报考期限内的。9.聘用后即构成回避关系的。10.不符合招聘岗位要求相关条件的。11.任职（工作）或服役期间发生重大责任事件的；曾因贪污、行贿受贿、泄露国家机密等原因受到过党纪、政纪处分的或近三年在年度考核中曾被确定为不合格的。12.2017年以来参加贵阳市公开招聘事业单位工作人员考试时，进入体检及以后环节，除不可抗力因素外，因考生本人原因放弃资格的。13.人民法院认定为失信被执行人或经有关政府行政主管部门认定被列为失信联合惩戒人员。14.有法律、法规等规定不得聘用为事业单位工作人员的。四、报名、网上资格初审（一）报名报名统一在网上进行。报名按以下程序进行：报考人员于2022年4月21日9:00至4月23日17:00期间进入“贵州人事考试信息网”（pta.guizhou.gov.cn），通过登录报名系统，按提示的报名程序注册并进行报名信息确认。报考人员只能选择一个岗位进行报名，报名与考试时使用的本人有效居民身份证必须一致。报名时，报考人员须仔细阅读《招聘简章》并签署网上报名诚信报考承诺书和疫情防控告知暨承诺书。如实填写《2022年贵阳市事业单位公开招聘工作人员报名信息表》（以下简称《报名信息表》），所填信息及照片（近期免冠照片）核对无误后，必须点击“报名信息确认”提交报名信息。提交的报考申请材料应当真实、准确、完整。报考人员因身份证过期、信息填写失误、照片模糊变形等原因，导致网上资格审核不通过或后续考试过程中出现无法通过资格审查等问题的，后果自负。报考人员根据岗位要求，选择一个岗位进行报名，提交报名申请后应及时登录查看网上审核结果。通过资格审核的报考人员，不得再报考其他岗位。报考人员应认真核对是否符合所选岗位要求的资格条件，必须如实填写个人工作单位信息，否则视为故意隐瞒个人重要信息。报考人员须仔细阅读《报名信息表》及诚信承诺书，如实填写、提交本人的有关信息和材料。报考人员提供虚假报考信息、材料的，任何阶段一经查实，即取消进入下一招聘环节的资格，责任由报考人员自负。报名期间，每日16∶00后，将在“贵阳人力资源和社会保障网”上公布报名人数与岗位招聘计划数达不到3∶1比例的岗位和报考比例较高的岗位，供报名人员参考。报名结束后，市招聘工作办公室将及时公布各岗位报名人数情况。（二）网上资格初审资格初审时间为2022年4月21日9:00至4月24日17:00。报考人员请在资格初审时间内进入“贵州人事考试信息网”（pta.guizhou.gov.cn），通过登录报名系统，查询是否通过资格初审。1.资格初审在市招聘工作办公室的统一组织下，由各招聘单位（主管部门）具体负责。负责资格初审的人员根据报考人员填写的信息，对照《招聘简章》和招聘岗位所需的资格条件进行资格初审，对报考人员提交的《报名信息表》必须在提交后24小时之内审核完毕。经审查合格的予以确认；对审查不合格的说明理由；对照片质量不符合要求的提示报考人员重新上传照片。通过资格初审的人员，须自行下载并打印留存报考人员的《报名信息表》，供资格复审和考核等环节时使用。如出现不符合报考条件的人员进入报名缴费环节的，在报名期间由各招聘单位（主管部门）提出申请，经市招聘工作办公室审核同意后，由市考试指导中心给予改报；报名结束后仍未改报的，该报考人员的考试成绩作无效处理。对符合报名条件的，不得拒绝报名；对审查不合格的，应说明理由。资格初审不合格人员，在报名期间（2022年4月23日17:00前）可修改报名信息并重新确认。2022年4月23日17:00至4月24日17:00期间，报考申请未审核的，不得再修改任何报名信息，审核未通过的，视为报名失败。2.报考人员提交报名申请成功后应及时登录查看审核状态，通过资格初审的，不得再报考其他岗位。如报考信息（姓名、身份证号）有误的，须本人向报考单位申请，经市招聘工作办公室同意后到市考试指导中心修改。3.网上缴费。通过资格初审的报考人员应于2022年4月21日9：00至4月25日17:00期间进入“贵州人事考试信息网”（pta.guizhou.gov.cn），通过登录报名系统缴纳考试费100元。未在规定时间内缴费者视为自动放弃。报名成功的人员，须打印两份《报名信息表》供资格复审等环节使用。脱贫人口和易返贫致贫监测对象、城乡低保对象和家庭经济困难的2022届毕业生可免收考试费。符合免收考试费条件的报考人员须先在网上缴纳考试费，并按照免收考试费申请提交流程在规定时间内提交申请及有关资料。如未按规定提交申请及有关材料、资料不属实等导致申请免收考试费失败的，责任由报考人员本人承担。符合免收考试费条件的报考人员须按以下流程提交申请：第一步：报名期间，报考人员填报报名信息时，在网上报名系统“是否申请免收考试费”中，选填“是”；第二步：报名期间，报考人员填报报名信息时，在网上报名系统“符合的免收考试费条件类型”中，选填本人符合的免收考试费条件；属于“家庭经济困难的2022届毕业生”类型的报考人员，还须同时下载填写《家庭经济困难2022届毕业生免收考试费申请表》，经所在学校资助部门加盖公章后扫描为pdf格式，于2022年4月25日17:00前发送到电子邮箱（gyrsks1@gygov.sinanet.com）。其余类型免收考试费条件考生无需填报。第三步：资格初审通过后，报考人员须先在网上自行缴纳考试费。因报考人员未按时缴费影响报名考试的，责任由报考人员自行承担。第四步：经乡村振兴部门审核属于“脱贫人口和易返贫致贫监测对象”的、经民政部门审核属于“城乡低保对象”的、经考务部门审核属于“家庭经济困难的2022届毕业生”的，考试费将于笔试考试前原路退还至缴费人员账户。4.报名结束后，报名人数与岗位计划招聘人数达不到3:1比例的岗位，其招聘计划数予以减少或取消。招聘计划数减少的，报考该岗位的考生所报岗位不再进行调整；招聘计划取消的，由报考该岗位的考生本人申请，经市招聘工作办公室同意后，市考试指导中心给予改报其他岗位。改报时间为2022年4月28日9：00至16∶00，逾期不再受理改报申请。市招聘工作办公室在报名结束后对减少、取消招聘岗位计划数的情况，在“贵阳人力资源和社会保障网（rsj.guiyang.gov.cn）”进行公布。5.网上打印《笔试准考证》。报名确认并成功缴费后，报考人员应于2022年5月16日9:00至5月19日17:00期间登录“贵州人事考试信息网”，通过登录报名系统打印笔试准考证。《笔试准考证》是考生参加笔试、专业测试、面试（试教、技能测试）、体检、考核等招聘环节的重要凭证，请考生务必妥善保管。报考人员故意隐瞒本人重要信息或提供虚假报考申请材料的，一经查实，立即取消进入下一个环节的资格。五、笔试、语言能力测试及合格分数线（一）笔试笔试科目：《职业能力倾向测验》和《综合应用能力》。笔试时间：2022年5月21日上午8：30—10:00，10:00-12:00若因疫情防控需求等不可抗力需调整笔试考试时间，则另行通知。《职业能力倾向测验》考试时限为90分钟，满分为150分。《综合应用能力》考试时限为120分钟，满分为150分。考试时间和地点见《笔试准考证》。考生须同时持有效二代《居民身份证》和《笔试准考证》方能进入考场参加笔试。（二）语言能力测试报考贵阳市外事办公室所属贵阳市人民对外友好协会的人员须参加语言能力测试。语言能力测试由招聘单位组织实施，参加语言能力测试且成绩合格的，方能进入下一环节。语言能力测试时间为笔试次日。语言能力测试分值100分，合格分数线为60分（语言能力测试成绩仅作为测试是否合格的依据，不计入笔试成绩和总成绩）。语言能力测试地点及有关要求由招聘单位另行通知。（三）笔试成绩及最低合格分数线笔试成绩将在“贵阳人力资源和社会保障网”上公布，供考生查询，请考生密切关注。笔试结束后，由市招聘办公室确定“最低笔试合格分数线”（即考生按笔试成绩可进入下一招聘环节的最低分数线）。六、资格复审1.资格复审在市招聘工作办公室的指导下，由招聘单位（主管部门）负责。资格复审在笔试结束后进行，资格复审人员名单按以下比例确定并在贵阳人力资源和社会保障网上公布，其中：报考A类岗位的考生，在最低笔试合格分数线以上的考生中依据笔试成绩从高到低，按资格复审人数与岗位招聘计划数之比3:1的比例确定资格复审人员；报考B类岗位的考生，在最低笔试合格分数线以上的考生中依据笔试成绩从高到低，按资格复审人数与岗位招聘计划数之比不低于3︰1，不高于10︰1的比例确定资格复审人员；报考C类岗位的考生，在最低笔试合格分数线以上的考生中依据笔试成绩从高到低，按资格复审人数与岗位招聘计划数之比不低于3︰1，不高于6:1的比例确定资格复审人员。报考同一岗位考生的笔试成绩名次末位并列的，同时确定为资格复审人员。资格复审根据《招聘简章》和考生填写的《报名信息表》及提供的相关资料，对考生是否符合报考岗位所需的资格条件进行复审。经复审，对符合报考条件的考生，由负责资格复审的部门和人员签署意见，并加盖公章；对不符合报考条件的考生，取消其进入下一招聘环节的资格。因考生放弃资格复审或资格复审不符合报考条件的岗位，在报考该岗位最低合格分数线以上的考生中，按笔试成绩由高到低依次递补，递补只进行两轮。通过资格复审人数与岗位招聘计划数之比达不到3︰1的，减少该岗位招聘计划数(例：某岗位招聘计划数为2，通过资格复审人数为4或5，则该岗位招聘计划数减少为1，依此类推)，减少后仍达不到3︰1的，报考该岗位考生是否进入下一招聘环节，由市招聘工作办公室研究确定；岗位无考生通过资格复审的，取消该岗位招聘计划。资格复审合格人员名单由招聘单位（主管部门）报市招聘工作办公室核准后，在其网站进行公示。资格复审合格人员名单公布后不再进行递补。资格复审贯穿公开招聘工作全过程，任何环节发现不符合资格条件者，取消其进入下一招聘环节的资格。2.参加资格复审的考生须向招聘单位（主管部门）提交毕业证书、有效《居民身份证》、报考岗位所需其他条件的资格证、工作经历证明等原件及复印件，近期同底正面免冠一寸彩色照片4张。此外，党政机关、事业单位、国有企业在职在岗人员还须提供具有人事管理权限部门同意报考的证明（中、小学教师必须提供县级及以上教育行政主管部门的证明）；报名时无工作单位, 资格复审时已成为党政机关、事业单位、国有企业工作人员的, 须提供具有人事管理权限部门同意报考的证明（附件3）。留学回国人员须提交教育部留学人员服务中心境外学历学位认证的相关证明材料。报考“定向招聘基层项目服务人员”岗位的，须提供服务地县级“项目办”或“引导办”出具书面证明或服务证书。报考“定向招聘退役大学生士兵”岗位的，须提供退伍证及居民户口簿。报考“定向招聘随军家属”岗位的，须提供《贵州省军人随军家属待就业安置情况登记表》。3.未在规定时间参加资格复审或递补复审，或招聘单位24小时内无法联系到递补复审人员的，视为自动放弃。七、专业测试报考B类岗位且资格复审合格的考生参加专业测试。专业测试设最低合格分数线为60分，专业测试成绩未达最低合格分数线者不能进入下一招聘环节。专业测试的时间和地点由招聘单位（主管部门）另行通知。八、试教报考C类岗位且资格复审合格的考生参加试教。试教设最低合格分数线为60分，试教成绩未达最低合格分数线者不能进入下一招聘环节。试教的时间和地点由招聘单位（主管部门）另行通知。九、面试面试采用结构化方式进行，面试成绩按百分制计算。报考A类岗位且资格复审合格的考生参加面试。报考B类岗位的考生，根据笔试成绩（百分制）（占30％）和专业测试成绩（百分制）（占40％）两科成绩之和，按照与岗位招聘计划数之比3︰1的比例，从高分到低分依次确定参加面试人员。面试人员名单公布后不再进行递补。面试设最低合格分数线为70分，面试成绩未达最低合格分数线者不能进入下一招聘环节。面试的时间和地点由招聘单位（主管部门）另行通知。十、总成绩计算及其它事项（一）总成绩计算考生的总成绩按百分制和以下比例分类进行计算：1.A类岗位考生的总成绩按笔试成绩（百分制）占60％、面试成绩（百分制）占40％计算。总成绩=笔试环节成绩÷3×60% + 面试成绩×40%。2.B类岗位考生的总成绩按笔试成绩（百分制）占30％、专业测试成绩（百分制）占40％、面试成绩（百分制）占30％计算。总成绩=笔试环节成绩÷3×30% +专业测试成绩×40%＋面试成绩×30%。3.C类岗位考生的总成绩按笔试成绩（百分制）占40％、试教成绩（百分制）占60％计算。总成绩=笔试环节成绩÷3×40% + 试教成绩×60%。笔试、专业测试、面试（试教）的成绩和总成绩得分均按“四舍五入法”保留小数点后两位数字, 同一岗位应聘人员总成绩末位并列的，按实际成绩计算。（二）其他事项1.如果某岗位进入专业测试、面试（试教）环节时，末位考生考试成绩并列的，同时参加专业测试、面试（试教）。2.报考人员须参加报考岗位规定所有科目的考试，如未参加其中任一个科目考试的，视为自动放弃，取消进入下一招聘环节的资格。3.进入专业测试、面试（试教）环节后，因考生个人原因未参加相应考试，导致参加人数未达招考比例的，不再减少招聘岗位计划数。4.进入体检及以后环节，除不可抗力因素外，因考生本人原因放弃资格的，五年内不得参加贵阳市范围内的事业单位公开招聘。十一、体检体检在市招聘工作办公室监督指导下，由各招聘单位（主管部门）负责组织，在县级以上综合性医院、规定时间内进行并出具体检结论，其他体检结论、鉴定一律不予认可。体检标准按《公务员录用体检通用标准（试行）》（国人部发〔2005〕1号）、《关于修订〈公务员录用体检通用标准（试行）〉及〈公务员录用体检操作手册〉（试行）有关内容的通知》（人社部发〔2016〕140号）、《关于印发公务员录用体检特殊标准（试行）的通知》（人社部发〔2010〕82号）、《关于公安机关网络安全与执法等岗位录用体检视力项目适用标准的复函》（国公综函〔2014〕24号）和我省的有关规定执行。对主检医生认为需要做进一步检查方能出判断的，由市招聘工作办公室研究同意后可进行复查。参加各岗位招聘体检的考生按照拟聘用人数1∶1的比例，根据总成绩从高分到低分确定。若同一岗位考生总成绩末位出现并列的，按实际成绩计算；如仍并列的，则A类岗位以面试成绩、B类岗位以专业测试成绩、C类岗位以试教成绩确定为体检对象。如笔试成绩、专业测试成绩、面试（试教）成绩、总成绩均相同，需重新组织面试（试教），以新一轮面试（试教）成绩高者确定为体检对象。体检结果由现场监督人员、体检医生和体检考生本人当场签字确认；体检考生对需当场确认的体检项目要求复查的，采取当场提出申请、当场复查的方式进行。体检结束后，考生对体检结果有疑义的，在国家体检标准规定允许复检的项目内，考生应在接到体检结果通知3日内书面提出复检申请，经市招聘工作办公室同意后组织复检。超过3日提交的复检申请不予受理，复检只能进行一次，体检结果以复检结论为准。体检医院在体检中不得擅自提供乙肝项目检测。因职业特殊需要在体检时作乙肝项目检测的，由市招聘工作办公室确定。体检和复检费用由考生自理，体检人员名单、时间由招聘单位（主管部门）另行通知。体检时已怀孕的考生，暂不进行妇科和X光等项目检查，不做出体检是否合格结论，可继续进行考察，如考察中发现有影响聘用的问题，不予办理聘用手续；如考察合格的，待考生孕期结束后再进行相关检查并做出结论。因体检不合格或考生放弃体检，产生的岗位空缺一律不予递补。十二、考核体检合格的考生确定为考核对象。考核内容主要包括考生的政治思想、道德品质、能力素质、遵纪守法、学习或工作表现、廉洁自律以及是否需要回避等。考核时还须进一步核实考生是否符合规定的报考资格条件和是否属简章规定的不得报考人员，并确认其报名时提交的信息和材料是否真实、准确。考核工作由各招聘单位（主管部门）负责组织实施。考核组由2人以上组成，考核组应广泛听取意见，做到全面、客观、公正，并据实写出考核材料，作出考核结论、提出聘用建议意见。考核不合格的，由招聘单位（主管部门）报经市招聘工作办公室审定并确认后，取消进入下一招聘环节资格。\xa0 十三、公示及办理聘用手续（一）公示经笔试、专业测试、面试（试教）、体检、考核合格的考生，确定为拟聘用人员，由各招聘单位（主管部门）在其网站进行为期7天的公示，接受社会监督。公示期间查实有严重问题影响聘用的，取消聘用资格。一时难以查实的，暂缓聘用，待查实并做出结论后再决定是否聘用。（二）办理聘用手续按照省、市关于事业单位新增人员公开招聘暂行办法的规定，对公示期满没有问题或反映的问题不影响聘用的拟聘人员，由各招聘单位（主管部门）报市人力资源社会保障局办理聘用手续。十四、工作要求及有关说明（一）纪律监督认真落实《事业单位公开招聘人员暂行规定》关于回避制度的规定，对违反回避规定的公开招聘行为，及时予以纠正，对相关人员予以批评教育，造成不良影响的，对有关责任人进行严肃处理。招聘工作接受纪检监察部门以及社会各界监督，工作人员和考生要严格遵守有关规定和要求，如有违反或弄虚作假的，一经查实，将按照有关规定严肃处理。（二）疫情防控报考人员要严格按照国家、我省疫情防控最新要求做好防控措施，参加各环节考试。政策咨询电话：各招聘单位咨询电话见岗位一览表网上报名、打印笔试准考证等技术咨询电话：0851-85759150（市考试指导中心考务二部，处理网上在线报名、打印信息表和准考证等技术问题）0851-85164125（市考试指导中心综合部，处理报名缴费问题）监督电话:0851-87989520（市招聘工作办公室）（三）本次招聘工作相关通知、公告、信息等将在贵阳人力资源和社会保障网和各招聘单位（主管部门）网站上发布，请考生注意及时查看。（四）本次招聘不指定考试范围和考试用书，不举办任何培训班。（五）在招聘各环节中，国家相关部门出台新规定时，按新规定执行。（六）本《招聘简章》解释权属市招聘工作办公室，未经允许严禁转载。（七）本次招聘工作未尽事宜，由市招聘工作办公室研究确定。贵阳市2022年公开招聘市属事业单位工作人员岗位一览表（扫描二维码查看）（来源：贵阳市人民政府网）编辑：喻辉 胡蓉统筹：王迟编审：王璐瑶更多新闻·\xa0信息量大！省政府印发《贵州省促进居民增收三年行动方案（2022—2024年）》·\xa0贵州中欧班列正式纳入国家图定班列·\xa0神舟十三号载人飞船即将撤离空间站核心舱组合体\n', 'issue_date': '2022-04-15 17:21:43', 'add_time': 1650015965, 'status': 0, 'biz': 'MzA5Mzk0OTQwMA==', 'uin': 'MzY1Nzg5NzAxMQ%3D%3D', 'name': '贵州日报', 'check_time': 1650025205, 'logs': [{'check_time': 1650016025, 'read_num': 259}, {'check_time': 1650016175, 'read_num': 269}, {'check_time': 1650018245, 'read_num': 351}, {'check_time': 1650020945, 'read_num': 405}, {'check_time': 1650022925, 'read_num': 436}, {'check_time': 1650023495, 'read_num': 443}, {'check_time': 1650023885, 'read_num': 447}, {'check_time': 1650024845, 'read_num': 453}, {'check_time': 1650025205, 'read_num': 457}]}
2022-06-06 14:18:37 [scrapy.core.engine] DEBUG: Crawled (200) <POST https://mp.weixin.qq.com/mp/getappmsgext?wx_header=1> (referer: None)
2022-06-06 14:18:37 [scrapy.core.scraper] DEBUG: Scraped from <200 https://mp.weixin.qq.com/mp/getappmsgext?wx_header=1>
{'check_time': 1654496317, 'read_num': 780}
2022-06-06 14:18:37 [scrapy.core.engine] INFO: Closing spider (finished)
2022-06-06 14:18:37 [scrapy.statscollectors] INFO: Dumping Scrapy stats:
{'downloader/request_bytes': 852,
 'downloader/request_count': 1,
 'downloader/request_method_count/POST': 1,
 'downloader/response_bytes': 690,
 'downloader/response_count': 1,
 'downloader/response_status_count/200': 1,
 'elapsed_time_seconds': 0.497627,
 'finish_reason': 'finished',
 'finish_time': datetime.datetime(2022, 6, 6, 6, 18, 37, 715674),
 'httpcompression/response_bytes': 902,
 'httpcompression/response_count': 1,
 'item_scraped_count': 1,
 'log_count/DEBUG': 2,
 'log_count/INFO': 10,
 'log_count/WARNING': 6,
 'memusage/max': 68874240,
 'memusage/startup': 68874240,
 'response_received_count': 1,
 'scheduler/dequeued': 1,
 'scheduler/dequeued/memory': 1,
 'scheduler/enqueued': 1,
 'scheduler/enqueued/memory': 1,
 'start_time': datetime.datetime(2022, 6, 6, 6, 18, 37, 218047)}
2022-06-06 14:18:37 [scrapy.core.engine] INFO: Spider closed (finished)
