2022-03-10 15:32:12 [scrapy.utils.log] INFO: Scrapy 2.5.1 started (bot: gzzf)
2022-03-10 15:32:12 [scrapy.utils.log] INFO: Versions: lxml 4.7.1.0, libxml2 2.9.12, cssselect 1.1.0, parsel 1.6.0, w3lib 1.22.0, Twisted 21.7.0, Python 3.8.12 | packaged by conda-forge | (default, Oct 12 2021, 23:40:23) - [GCC 9.4.0], pyOpenSSL 21.0.0 (OpenSSL 1.1.1m  14 Dec 2021), cryptography 36.0.1, Platform Linux-5.4.0-1050-raspi-aarch64-with-glibc2.17
2022-03-10 15:32:12 [scrapy.utils.log] DEBUG: Using reactor: twisted.internet.epollreactor.EPollReactor
2022-03-10 15:32:12 [scrapy.crawler] INFO: Overridden settings:
{'BOT_NAME': 'gzzf',
 'DOWNLOAD_DELAY': 5,
 'FEED_EXPORT_ENCODING': 'utf-8',
 'LOG_FILE': 'logs/gzzf/zhenfeng/2e887adaa04411ecb0b75579b163c40f.log',
 'NEWSPIDER_MODULE': 'gzzf.spiders',
 'SPIDER_MODULES': ['gzzf.spiders']}
2022-03-10 15:32:12 [scrapy.extensions.telnet] INFO: Telnet Password: 15b8709558da4eee
2022-03-10 15:32:12 [scrapy.middleware] INFO: Enabled extensions:
['scrapy.extensions.corestats.CoreStats',
 'scrapy.extensions.telnet.TelnetConsole',
 'scrapy.extensions.memusage.MemoryUsage',
 'scrapy.extensions.logstats.LogStats']
2022-03-10 15:32:12 [scrapy.middleware] INFO: Enabled downloader middlewares:
['scrapy.downloadermiddlewares.httpauth.HttpAuthMiddleware',
 'scrapy.downloadermiddlewares.downloadtimeout.DownloadTimeoutMiddleware',
 'scrapy.downloadermiddlewares.defaultheaders.DefaultHeadersMiddleware',
 'scrapy.downloadermiddlewares.useragent.UserAgentMiddleware',
 'gzzf.middlewares.RandomUserAgentMiddleware',
 'scrapy.downloadermiddlewares.retry.RetryMiddleware',
 'scrapy.downloadermiddlewares.redirect.MetaRefreshMiddleware',
 'scrapy.downloadermiddlewares.httpcompression.HttpCompressionMiddleware',
 'scrapy.downloadermiddlewares.redirect.RedirectMiddleware',
 'scrapy.downloadermiddlewares.cookies.CookiesMiddleware',
 'scrapy.downloadermiddlewares.httpproxy.HttpProxyMiddleware',
 'scrapy.downloadermiddlewares.stats.DownloaderStats']
2022-03-10 15:32:12 [scrapy.middleware] INFO: Enabled spider middlewares:
['scrapy.spidermiddlewares.httperror.HttpErrorMiddleware',
 'scrapy.spidermiddlewares.offsite.OffsiteMiddleware',
 'scrapy.spidermiddlewares.referer.RefererMiddleware',
 'scrapy.spidermiddlewares.urllength.UrlLengthMiddleware',
 'scrapy.spidermiddlewares.depth.DepthMiddleware']
2022-03-10 15:32:12 [py.warnings] WARNING: /root/archiconda3/envs/spider/lib/python3.8/site-packages/scrapy/utils/project.py:81: ScrapyDeprecationWarning: Use of environment variables prefixed with SCRAPY_ to override settings is deprecated. The following environment variables are currently defined: JOB, LOG_FILE, SLOT, SPIDER
  warnings.warn(

2022-03-10 15:32:12 [scrapy.middleware] INFO: Enabled item pipelines:
['gzzf.pipelines.DuplicatesPipeline',
 'gzzf.pipelines.MySQLPipeline',
 'gzzf.pipelines.SendWeixinMsg']
2022-03-10 15:32:12 [scrapy.core.engine] INFO: Spider opened
2022-03-10 15:32:12 [scrapy.extensions.logstats] INFO: Crawled 0 pages (at 0 pages/min), scraped 0 items (at 0 items/min)
2022-03-10 15:32:12 [scrapy.extensions.telnet] INFO: Telnet console listening on 127.0.0.1:6023
2022-03-10 15:32:12 [scrapy.core.engine] DEBUG: Crawled (200) <GET http://www.gzzf.gov.cn/xwzx/tzgg/zfgg/> (referer: None)
2022-03-10 15:32:12 [scrapy.core.engine] INFO: Closing spider (finished)
2022-03-10 15:32:12 [scrapy.statscollectors] INFO: Dumping Scrapy stats:
{'downloader/request_bytes': 351,
 'downloader/request_count': 1,
 'downloader/request_method_count/GET': 1,
 'downloader/response_bytes': 6173,
 'downloader/response_count': 1,
 'downloader/response_status_count/200': 1,
 'elapsed_time_seconds': 0.386211,
 'finish_reason': 'finished',
 'finish_time': datetime.datetime(2022, 3, 10, 7, 32, 12, 879835),
 'httpcompression/response_bytes': 26853,
 'httpcompression/response_count': 1,
 'log_count/DEBUG': 1,
 'log_count/INFO': 10,
 'log_count/WARNING': 1,
 'memusage/max': 109961216,
 'memusage/startup': 109961216,
 'response_received_count': 1,
 'scheduler/dequeued': 1,
 'scheduler/dequeued/memory': 1,
 'scheduler/enqueued': 1,
 'scheduler/enqueued/memory': 1,
 'start_time': datetime.datetime(2022, 3, 10, 7, 32, 12, 493624)}
2022-03-10 15:32:12 [scrapy.core.engine] INFO: Spider closed (finished)
