2022-08-17 12:00:29 [scrapy.utils.log] INFO: Scrapy 2.5.1 started (bot: tencenttop)
2022-08-17 12:00:29 [scrapy.utils.log] INFO: Versions: lxml 4.7.1.0, libxml2 2.9.12, cssselect 1.1.0, parsel 1.6.0, w3lib 1.22.0, Twisted 21.7.0, Python 3.8.12 | packaged by conda-forge | (default, Oct 12 2021, 23:40:23) - [GCC 9.4.0], pyOpenSSL 21.0.0 (OpenSSL 1.1.1m  14 Dec 2021), cryptography 36.0.1, Platform Linux-5.4.0-1060-raspi-aarch64-with-glibc2.17
2022-08-17 12:00:29 [scrapy.utils.log] DEBUG: Using reactor: twisted.internet.epollreactor.EPollReactor
2022-08-17 12:00:29 [scrapy.crawler] INFO: Overridden settings:
{'BOT_NAME': 'tencenttop',
 'DOWNLOAD_DELAY': 5,
 'FEED_EXPORT_ENCODING': 'utf-8',
 'LOG_FILE': 'logs/tencenttop/tencent/1081d43b1de111edad69ed3bac0f783f.log',
 'NEWSPIDER_MODULE': 'tencenttop.spiders',
 'SPIDER_MODULES': ['tencenttop.spiders']}
2022-08-17 12:00:30 [scrapy.extensions.telnet] INFO: Telnet Password: f0d1cb585df4c28c
2022-08-17 12:00:30 [scrapy.middleware] INFO: Enabled extensions:
['scrapy.extensions.corestats.CoreStats',
 'scrapy.extensions.telnet.TelnetConsole',
 'scrapy.extensions.memusage.MemoryUsage',
 'scrapy.extensions.logstats.LogStats']
2022-08-17 12:00:30 [root] WARNING: =================== Tencent News ====================
2022-08-17 12:00:30 [scrapy.middleware] INFO: Enabled downloader middlewares:
['scrapy.downloadermiddlewares.httpauth.HttpAuthMiddleware',
 'scrapy.downloadermiddlewares.downloadtimeout.DownloadTimeoutMiddleware',
 'scrapy.downloadermiddlewares.defaultheaders.DefaultHeadersMiddleware',
 'scrapy.downloadermiddlewares.useragent.UserAgentMiddleware',
 'scrapy.downloadermiddlewares.retry.RetryMiddleware',
 'scrapy.downloadermiddlewares.redirect.MetaRefreshMiddleware',
 'scrapy.downloadermiddlewares.httpcompression.HttpCompressionMiddleware',
 'scrapy.downloadermiddlewares.redirect.RedirectMiddleware',
 'scrapy.downloadermiddlewares.cookies.CookiesMiddleware',
 'scrapy.downloadermiddlewares.httpproxy.HttpProxyMiddleware',
 'scrapy.downloadermiddlewares.stats.DownloaderStats']
2022-08-17 12:00:30 [scrapy.middleware] INFO: Enabled spider middlewares:
['scrapy.spidermiddlewares.httperror.HttpErrorMiddleware',
 'scrapy.spidermiddlewares.offsite.OffsiteMiddleware',
 'scrapy.spidermiddlewares.referer.RefererMiddleware',
 'scrapy.spidermiddlewares.urllength.UrlLengthMiddleware',
 'scrapy.spidermiddlewares.depth.DepthMiddleware']
2022-08-17 12:00:30 [scrapy.middleware] INFO: Enabled item pipelines:
['tencenttop.pipelines.MongodbPipeline', 'tencenttop.pipelines.SendCloudMsg']
2022-08-17 12:00:30 [scrapy.core.engine] INFO: Spider opened
2022-08-17 12:00:30 [scrapy.extensions.logstats] INFO: Crawled 0 pages (at 0 pages/min), scraped 0 items (at 0 items/min)
2022-08-17 12:00:30 [scrapy.extensions.telnet] INFO: Telnet console listening on 127.0.0.1:6023
2022-08-17 12:00:31 [scrapy.core.engine] DEBUG: Crawled (200) <GET https://r.inews.qq.com/gw/event/hot_ranking_list> (referer: None)
2022-08-17 12:00:31 [scrapy.core.scraper] DEBUG: Scraped from <200 https://r.inews.qq.com/gw/event/hot_ranking_list>
{'add_time': 1660708831,
 'img': 'http://inews.gtimg.com/newsapp_ls/0/15174727519_870492/0',
 'readCount': 168341,
 'source': '界面新闻',
 'status': 1,
 'text': '据央视新闻，国家卫健委于8月17日上午举行新闻发布会，介绍《关于进一步完善和落实积极生育支持措施的指导意见》有关情况。国家发展改革委社会发展司副司长、一级巡视员郝福庆介绍：国内调查显示，婴幼儿无人照……',
 'title': '国家卫健委：婴幼儿无人照料是阻碍生育首要因素，鼓励发展托育',
 'update_time': 1660708831,
 'url': 'https://view.inews.qq.com/a/20220817A02MNV00?#'}
2022-08-17 12:00:31 [scrapy.core.scraper] DEBUG: Scraped from <200 https://r.inews.qq.com/gw/event/hot_ranking_list>
{'add_time': 1660708831,
 'img': 'http://inews.gtimg.com/newsapp_ls/0/15174488749_870492/0',
 'readCount': 150972,
 'source': '人民日报健康客户端',
 'status': 1,
 'text': '四川乐山市第四人民医院从2021年7月医院关闭至今，该院职工曾经连续几个月没有基本工资和交纳社保的情况，且一年来对下一步医院人员的分流未有确切消息。8月15日下午，健康时报致电四川乐山市卫健委，对方……',
 'title': '四川乐山一公立医院倒闭？当地卫健委：正商讨后续方案',
 'update_time': 1660708831,
 'url': 'https://view.inews.qq.com/a/20220816A07CG000?#'}
2022-08-17 12:00:31 [scrapy.core.scraper] DEBUG: Scraped from <200 https://r.inews.qq.com/gw/event/hot_ranking_list>
{'add_time': 1660708831,
 'img': 'http://inews.gtimg.com/newsapp_ls/0/15174642091_870492/0',
 'readCount': 35728,
 'source': '澎湃新闻',
 'status': 1,
 'text': '8月16日，据官方微信公众号“泗县发布”，为进一步促进泗县房地产市场平稳健康发展，建设大美泗县，安徽省宿州市泗县发布《关于共创房地产业繁荣的倡议书》（简称《倡议书》）。倡议如下：一、广大房地产开发企……',
 'title': '安徽泗县发布共创房地产业繁荣倡议书：倡议公职人员发动亲友参与购房',
 'update_time': 1660708831,
 'url': 'https://view.inews.qq.com/a/20220817A02B8700?#'}
2022-08-17 12:00:31 [scrapy.core.scraper] DEBUG: Scraped from <200 https://r.inews.qq.com/gw/event/hot_ranking_list>
{'add_time': 1660708831,
 'img': 'http://inews.gtimg.com/newsapp_ls/0/15174468419_870492/0',
 'readCount': 0,
 'source': '大象新闻',
 'status': 1,
 'text': '回顾劳荣枝法子英案件时间线：4年身负7条人命，隐匿酒吧兼职',
 'title': '回顾劳荣枝法子英案件时间线：4年身负7条人命，隐匿酒吧兼职',
 'update_time': 1660708831,
 'url': 'https://view.inews.qq.com/a/20220817V01G3K00?#'}
2022-08-17 12:00:31 [scrapy.core.scraper] DEBUG: Scraped from <200 https://r.inews.qq.com/gw/event/hot_ranking_list>
{'add_time': 1660708831,
 'img': 'http://inews.gtimg.com/newsapp_ls/0/15174801563_870492/0',
 'readCount': 43828,
 'source': '极目新闻',
 'status': 1,
 'text': '极目新闻记者 肖名远 '
         '张奇8月14日晚，河南郑州一名疑似精神状态不正常的女子，未穿上衣就走进餐馆，女店主将她带到角落拿出衣服穿上，后来女子出门离开。8月17日，当地妇联回应，已经联系事发地社区寻找该……',
 'title': '女子衣不蔽体走进餐馆后离开，当地妇联介入寻找',
 'update_time': 1660708831,
 'url': 'https://view.inews.qq.com/a/20220817A030FX00?#'}
2022-08-17 12:00:31 [scrapy.core.scraper] DEBUG: Scraped from <200 https://r.inews.qq.com/gw/event/hot_ranking_list>
{'add_time': 1660708831,
 'img': 'http://inews.gtimg.com/newsapp_ls/0/15174533507_870492/0',
 'readCount': 36535,
 'source': '新黄河',
 'status': 1,
 'text': '8月14日，北京一高铁上，小孩因吵闹声音大，被乘客劝说制止，随后遭孩子家长怼：“我的孩子我管不好，我控制不了他！”并恶言相向：“你这辈子别生孩子了，生了也得被你带死”。同行人员附和道：“嫌吵你们坐高……',
 'title': '孩子高铁上吵闹不止 乘客提醒被家长怼：你这辈子别生孩子了',
 'update_time': 1660708831,
 'url': 'https://view.inews.qq.com/a/20220817A01U4J00?#'}
2022-08-17 12:00:31 [scrapy.core.scraper] DEBUG: Scraped from <200 https://r.inews.qq.com/gw/event/hot_ranking_list>
{'add_time': 1660708831,
 'img': 'http://inews.gtimg.com/newsapp_ls/0/15173773156_870492/0',
 'readCount': 398430,
 'source': '光明日报',
 'status': 1,
 'text': '文|马小龙110平方米的房子，到手却发现套内面积只有61平方米；购房时销售人员口头承诺的31%公摊面积，收房时却变成了46%……这种看起来非常离谱的事情，却真实地出现在了青岛市民李黎（化名）的现实生……',
 'title': '110平房子到手61平，光明日报：房屋公摊达46％，违背基本常识',
 'update_time': 1660708831,
 'url': 'https://view.inews.qq.com/a/20220816A0AHN800?#'}
2022-08-17 12:00:31 [scrapy.core.scraper] DEBUG: Scraped from <200 https://r.inews.qq.com/gw/event/hot_ranking_list>
{'add_time': 1660708831,
 'img': 'http://inews.gtimg.com/newsapp_ls/0/15174690783_870492/0',
 'readCount': 76568,
 'source': '环球网',
 'status': 1,
 'text': '【环球时报特约记者 柳玉鹏 '
         '任重】俄乌冲突战况陷入僵持之际，俄乌双方近日都宣称取得“重大进展”。俄军近日宣布在顿涅茨克和哈尔科夫方向夺取了两处战略要地，俄军事专家普遍认为，啃下这块硬骨头之后，将对俄……',
 'title': '俄乌都称战局将有“重大突破”，“顿巴斯之战”接近收官？',
 'update_time': 1660708831,
 'url': 'https://view.inews.qq.com/a/20220817A00Z6B00?#'}
2022-08-17 12:00:31 [scrapy.core.scraper] DEBUG: Scraped from <200 https://r.inews.qq.com/gw/event/hot_ranking_list>
{'add_time': 1660708831,
 'img': 'http://inews.gtimg.com/newsapp_ls/0/15173788630_870492/0',
 'readCount': 207474,
 'source': '南方周末',
 'status': 1,
 'text': '2021年5月31日，湖北武汉，人们带着孩子在社区广场玩耍。（人民视觉/图）2022年8月8日，浙江省温州龙湾区政府官网更新了一条信息，称龙湾区正在酝酿给“二孩家庭”每孩每月发放500元育儿补贴金，……',
 'title': '多地“发钱”鼓励三孩：黑龙江小城政策上线1月，11个家庭符合条件',
 'update_time': 1660708831,
 'url': 'https://view.inews.qq.com/a/20220816A0ANT800?#'}
2022-08-17 12:00:31 [scrapy.core.scraper] DEBUG: Scraped from <200 https://r.inews.qq.com/gw/event/hot_ranking_list>
{'add_time': 1660708831,
 'img': 'http://inews.gtimg.com/newsapp_ls/0/15173084341_870492/0',
 'readCount': 0,
 'source': '星视频',
 'status': 1,
 'text': '女子举报被同居13年的局长玩弄感情，6年前曾为其打胎，纪委介入',
 'title': '女子举报被同居13年的局长玩弄感情，6年前曾为其打胎，纪委介入',
 'update_time': 1660708831,
 'url': 'https://view.inews.qq.com/a/20220816V06VBN00?#'}
2022-08-17 12:00:31 [scrapy.core.scraper] DEBUG: Scraped from <200 https://r.inews.qq.com/gw/event/hot_ranking_list>
{'add_time': 1660708831,
 'img': 'http://inews.gtimg.com/newsapp_ls/0/15174612783_870492/0',
 'readCount': 28268,
 'source': '未来网',
 'status': 1,
 'text': '虚假宣传风波过后，宝马给出的赔偿方案却难平消费者心中怒火。8月15日，宝马就上述问题回应未来网记者称，“针对该事件涉及的车主，将给与6500元代金券作为客户关怀金。”然而，宝马的此番回应，却引起投诉……',
 'title': '“阉割”版宝马遭集体投诉，6500元代金券补偿能否搞定车主？',
 'update_time': 1660708831,
 'url': 'https://view.inews.qq.com/a/20220816A0A5BY00?#'}
2022-08-17 12:00:31 [scrapy.core.scraper] DEBUG: Scraped from <200 https://r.inews.qq.com/gw/event/hot_ranking_list>
{'add_time': 1660708831,
 'img': 'http://inews.gtimg.com/newsapp_ls/0/15174423697_870492/0',
 'readCount': 259112,
 'source': '环球时报热点',
 'status': 1,
 'text': '耿直哥近日，多家外媒报道称，德国自15日起，将向亚太地区派遣多架战机，参加代号为“疾速太平洋2022”的空中联合军演，在澳大利亚、新加坡参加国际军演，并到访日本和韩国。其中，德国《每日镜报》在关于此……',
 'title': '德国否认战机要“穿越台湾海峡”？他们的用词很微妙',
 'update_time': 1660708831,
 'url': 'https://view.inews.qq.com/a/20220816A09N9F00?#'}
2022-08-17 12:00:31 [scrapy.core.scraper] DEBUG: Scraped from <200 https://r.inews.qq.com/gw/event/hot_ranking_list>
{'add_time': 1660708831,
 'img': 'http://inews.gtimg.com/newsapp_ls/0/15174585929_870492/0',
 'readCount': 140513,
 'source': '极目新闻',
 'status': 1,
 'text': '极目新闻记者 '
         '徐汉雄据8月16日环球网报道，8月12日，中国驻挪威大使易先良就台湾问题接受挪威国家电视台时政专栏记者菲力蒲·乌尔文的专访。极目新闻记者注意到，在专访实录中，对方有问到，“请问中方在实……',
 'title': '中国驻挪威大使：若外部势力、“台独”分子继续挑衅，统一会随时实现',
 'update_time': 1660708831,
 'url': 'https://view.inews.qq.com/a/20220817A021M300?#'}
2022-08-17 12:00:31 [scrapy.core.scraper] DEBUG: Scraped from <200 https://r.inews.qq.com/gw/event/hot_ranking_list>
{'add_time': 1660708831,
 'img': 'http://inews.gtimg.com/newsapp_ls/0/15173742462_870492/0',
 'readCount': 0,
 'source': '中国新闻周刊',
 'status': 1,
 'text': '官方回应重庆嘉陵江被晒干了',
 'title': '重庆嘉陵江被晒干了？水利部门回应',
 'update_time': 1660708831,
 'url': 'https://view.inews.qq.com/a/20220816V094GQ00?#'}
2022-08-17 12:00:31 [scrapy.core.scraper] DEBUG: Scraped from <200 https://r.inews.qq.com/gw/event/hot_ranking_list>
{'add_time': 1660708831,
 'img': 'http://inews.gtimg.com/newsapp_ls/0/15174325666_870492/0',
 'readCount': 168465,
 'source': '财联社',
 'status': 1,
 'text': '财联社8月17日讯（编辑 '
         '史正丞）举世瞩目中驶离敖德萨港的乌克兰“恢复运粮第一船”，在经历半个多月的尴尬漂泊后，本周被卫星捕捉到出现在乌克兰断交国的港口。需要说明的是，在2月底俄乌冲突爆发后，乌克兰……',
 'title': '被“嫌弃”的乌克兰粮食：高调离港后颠沛流离 现身断交国港口',
 'update_time': 1660708831,
 'url': 'https://view.inews.qq.com/a/20220817A009UQ00?#'}
2022-08-17 12:00:31 [scrapy.core.engine] INFO: Closing spider (finished)
2022-08-17 12:00:31 [scrapy.statscollectors] INFO: Dumping Scrapy stats:
{'downloader/request_bytes': 239,
 'downloader/request_count': 1,
 'downloader/request_method_count/GET': 1,
 'downloader/response_bytes': 15578,
 'downloader/response_count': 1,
 'downloader/response_status_count/200': 1,
 'elapsed_time_seconds': 0.931926,
 'finish_reason': 'finished',
 'finish_time': datetime.datetime(2022, 8, 17, 4, 0, 31, 887680),
 'httpcompression/response_bytes': 71450,
 'httpcompression/response_count': 1,
 'item_scraped_count': 15,
 'log_count/DEBUG': 16,
 'log_count/INFO': 10,
 'log_count/WARNING': 1,
 'memusage/max': 68653056,
 'memusage/startup': 68653056,
 'response_received_count': 1,
 'scheduler/dequeued': 1,
 'scheduler/dequeued/memory': 1,
 'scheduler/enqueued': 1,
 'scheduler/enqueued/memory': 1,
 'start_time': datetime.datetime(2022, 8, 17, 4, 0, 30, 955754)}
2022-08-17 12:00:31 [scrapy.core.engine] INFO: Spider closed (finished)
