2022-05-08 16:37:25 [scrapy.utils.log] INFO: Scrapy 2.5.1 started (bot: weixin)
2022-05-08 16:37:25 [scrapy.utils.log] INFO: Versions: lxml 4.7.1.0, libxml2 2.9.12, cssselect 1.1.0, parsel 1.6.0, w3lib 1.22.0, Twisted 21.7.0, Python 3.8.12 | packaged by conda-forge | (default, Oct 12 2021, 23:40:23) - [GCC 9.4.0], pyOpenSSL 21.0.0 (OpenSSL 1.1.1m  14 Dec 2021), cryptography 36.0.1, Platform Linux-5.4.0-1056-raspi-aarch64-with-glibc2.17
2022-05-08 16:37:25 [scrapy.utils.log] DEBUG: Using reactor: twisted.internet.epollreactor.EPollReactor
2022-05-08 16:37:25 [scrapy.crawler] INFO: Overridden settings:
{'BOT_NAME': 'weixin',
 'DOWNLOAD_DELAY': 5,
 'FEED_EXPORT_ENCODING': 'utf-8',
 'LOG_FILE': 'logs/weixin/wechat/12ff23f4ceaa11ecb5e1b708da8c9b64.log',
 'NEWSPIDER_MODULE': 'weixin.spiders',
 'SPIDER_MODULES': ['weixin.spiders']}
2022-05-08 16:37:25 [scrapy.extensions.telnet] INFO: Telnet Password: 65ec1580766a303a
2022-05-08 16:37:25 [scrapy.middleware] INFO: Enabled extensions:
['scrapy.extensions.corestats.CoreStats',
 'scrapy.extensions.telnet.TelnetConsole',
 'scrapy.extensions.memusage.MemoryUsage',
 'scrapy.extensions.logstats.LogStats']
2022-05-08 16:37:25 [root] WARNING: ===================Weixin Ask Info============================
2022-05-08 16:37:25 [root] WARNING: MjM5MTg5OTM0Ng==
2022-05-08 16:37:25 [root] WARNING: tw_jiankangguizhou
2022-05-08 16:37:25 [root] WARNING: 健康贵州
2022-05-08 16:37:25 [root] WARNING: ===================Weixin Ask Info End============================
2022-05-08 16:37:25 [scrapy.middleware] INFO: Enabled downloader middlewares:
['scrapy.downloadermiddlewares.httpauth.HttpAuthMiddleware',
 'scrapy.downloadermiddlewares.downloadtimeout.DownloadTimeoutMiddleware',
 'scrapy.downloadermiddlewares.defaultheaders.DefaultHeadersMiddleware',
 'scrapy.downloadermiddlewares.useragent.UserAgentMiddleware',
 'scrapy.downloadermiddlewares.retry.RetryMiddleware',
 'scrapy.downloadermiddlewares.redirect.MetaRefreshMiddleware',
 'scrapy.downloadermiddlewares.httpcompression.HttpCompressionMiddleware',
 'scrapy.downloadermiddlewares.redirect.RedirectMiddleware',
 'scrapy.downloadermiddlewares.cookies.CookiesMiddleware',
 'scrapy.downloadermiddlewares.httpproxy.HttpProxyMiddleware',
 'scrapy.downloadermiddlewares.stats.DownloaderStats']
2022-05-08 16:37:25 [scrapy.middleware] INFO: Enabled spider middlewares:
['scrapy.spidermiddlewares.httperror.HttpErrorMiddleware',
 'scrapy.spidermiddlewares.offsite.OffsiteMiddleware',
 'scrapy.spidermiddlewares.referer.RefererMiddleware',
 'scrapy.spidermiddlewares.urllength.UrlLengthMiddleware',
 'scrapy.spidermiddlewares.depth.DepthMiddleware']
2022-05-08 16:37:25 [py.warnings] WARNING: /root/archiconda3/envs/spider/lib/python3.8/site-packages/scrapy/utils/project.py:81: ScrapyDeprecationWarning: Use of environment variables prefixed with SCRAPY_ to override settings is deprecated. The following environment variables are currently defined: JOB, LOG_FILE, SLOT, SPIDER
  warnings.warn(

2022-05-08 16:37:25 [scrapy.middleware] INFO: Enabled item pipelines:
['weixin.pipelines.MySQLPipeline', 'weixin.pipelines.SendWeixinMsg']
2022-05-08 16:37:25 [scrapy.core.engine] INFO: Spider opened
2022-05-08 16:37:25 [scrapy.extensions.logstats] INFO: Crawled 0 pages (at 0 pages/min), scraped 0 items (at 0 items/min)
2022-05-08 16:37:25 [scrapy.extensions.telnet] INFO: Telnet console listening on 127.0.0.1:6023
2022-05-08 16:37:26 [scrapy.core.engine] DEBUG: Crawled (200) <GET https://mp.weixin.qq.com/mp/profile_ext?action=home&__biz=MjM5MTg5OTM0Ng==&scene=124&devicetype=android-23&version=28000334&lang=zh_CN&nettype=WIFI&a8scene=1&pass_ticket=ekfkqXD%2FcqXUP0UVbvn2kXHHAUxY8O6hlVhoUthVsoz1N5Wkpd2kkR2KOgjrfubO&wx_header=3> (referer: None)
2022-05-08 16:37:27 [scrapy.core.engine] INFO: Closing spider (finished)
2022-05-08 16:37:27 [scrapy.statscollectors] INFO: Dumping Scrapy stats:
{'downloader/request_bytes': 1326,
 'downloader/request_count': 1,
 'downloader/request_method_count/GET': 1,
 'downloader/response_bytes': 17328,
 'downloader/response_count': 1,
 'downloader/response_status_count/200': 1,
 'elapsed_time_seconds': 1.844234,
 'finish_reason': 'finished',
 'finish_time': datetime.datetime(2022, 5, 8, 8, 37, 27, 678085),
 'httpcompression/response_bytes': 70168,
 'httpcompression/response_count': 1,
 'log_count/DEBUG': 1,
 'log_count/INFO': 10,
 'log_count/WARNING': 6,
 'memusage/max': 112287744,
 'memusage/startup': 112287744,
 'response_received_count': 1,
 'scheduler/dequeued': 1,
 'scheduler/dequeued/memory': 1,
 'scheduler/enqueued': 1,
 'scheduler/enqueued/memory': 1,
 'start_time': datetime.datetime(2022, 5, 8, 8, 37, 25, 833851)}
2022-05-08 16:37:27 [scrapy.core.engine] INFO: Spider closed (finished)
