2022-08-17 12:10:12 [scrapy.utils.log] INFO: Scrapy 2.5.1 started (bot: tianyanhot)
2022-08-17 12:10:13 [scrapy.utils.log] INFO: Versions: lxml 4.7.1.0, libxml2 2.9.12, cssselect 1.1.0, parsel 1.6.0, w3lib 1.22.0, Twisted 21.7.0, Python 3.8.12 | packaged by conda-forge | (default, Oct 12 2021, 23:40:23) - [GCC 9.4.0], pyOpenSSL 21.0.0 (OpenSSL 1.1.1m  14 Dec 2021), cryptography 36.0.1, Platform Linux-5.4.0-1060-raspi-aarch64-with-glibc2.17
2022-08-17 12:10:13 [scrapy.utils.log] DEBUG: Using reactor: twisted.internet.epollreactor.EPollReactor
2022-08-17 12:10:13 [scrapy.crawler] INFO: Overridden settings:
{'BOT_NAME': 'tianyanhot',
 'DOWNLOAD_DELAY': 5,
 'FEED_EXPORT_ENCODING': 'utf-8',
 'LOG_FILE': 'logs/tianyanhot/tianyan/761b7c631de211edad69ed3bac0f783f.log',
 'NEWSPIDER_MODULE': 'tianyanhot.spiders',
 'SPIDER_MODULES': ['tianyanhot.spiders']}
2022-08-17 12:10:13 [scrapy.extensions.telnet] INFO: Telnet Password: f209837ac9bcff95
2022-08-17 12:10:13 [scrapy.middleware] INFO: Enabled extensions:
['scrapy.extensions.corestats.CoreStats',
 'scrapy.extensions.telnet.TelnetConsole',
 'scrapy.extensions.memusage.MemoryUsage',
 'scrapy.extensions.logstats.LogStats']
2022-08-17 12:10:13 [root] WARNING: =================== Tianyan News ====================
2022-08-17 12:10:14 [scrapy.middleware] INFO: Enabled downloader middlewares:
['scrapy.downloadermiddlewares.httpauth.HttpAuthMiddleware',
 'scrapy.downloadermiddlewares.downloadtimeout.DownloadTimeoutMiddleware',
 'scrapy.downloadermiddlewares.defaultheaders.DefaultHeadersMiddleware',
 'scrapy.downloadermiddlewares.useragent.UserAgentMiddleware',
 'scrapy.downloadermiddlewares.retry.RetryMiddleware',
 'scrapy.downloadermiddlewares.redirect.MetaRefreshMiddleware',
 'scrapy.downloadermiddlewares.httpcompression.HttpCompressionMiddleware',
 'scrapy.downloadermiddlewares.redirect.RedirectMiddleware',
 'scrapy.downloadermiddlewares.cookies.CookiesMiddleware',
 'scrapy.downloadermiddlewares.httpproxy.HttpProxyMiddleware',
 'scrapy.downloadermiddlewares.stats.DownloaderStats']
2022-08-17 12:10:14 [scrapy.middleware] INFO: Enabled spider middlewares:
['scrapy.spidermiddlewares.httperror.HttpErrorMiddleware',
 'scrapy.spidermiddlewares.offsite.OffsiteMiddleware',
 'scrapy.spidermiddlewares.referer.RefererMiddleware',
 'scrapy.spidermiddlewares.urllength.UrlLengthMiddleware',
 'scrapy.spidermiddlewares.depth.DepthMiddleware']
2022-08-17 12:10:14 [scrapy.middleware] INFO: Enabled item pipelines:
['tianyanhot.pipelines.MongodbPipeline', 'tianyanhot.pipelines.SendCloudMsg']
2022-08-17 12:10:14 [scrapy.core.engine] INFO: Spider opened
2022-08-17 12:10:14 [scrapy.extensions.logstats] INFO: Crawled 0 pages (at 0 pages/min), scraped 0 items (at 0 items/min)
2022-08-17 12:10:14 [scrapy.extensions.telnet] INFO: Telnet console listening on 127.0.0.1:6023
2022-08-17 12:10:16 [scrapy.core.engine] DEBUG: Crawled (200) <GET https://jgz.app.todayguizhou.com/appAPI/index.php?act=special_column&op=index&special_column_id=11515115722490> (referer: None)
2022-08-17 12:10:16 [urllib3.connectionpool] DEBUG: Starting new HTTPS connection (1): www.tangwei.cc:443
2022-08-17 12:10:17 [urllib3.connectionpool] DEBUG: https://www.tangwei.cc:443 "POST /api/receive_tianyanhot HTTP/1.1" 404 None
2022-08-17 12:10:17 [scrapy.core.scraper] DEBUG: Scraped from <200 https://jgz.app.todayguizhou.com/appAPI/index.php?act=special_column&op=index&special_column_id=11515115722490>
{'add_time': 1660709416,
 'img': 'http://img.jgz.app.todayguizhou.com//data/upload/202208/16/16606450016860.jpg',
 'news_views': '4895',
 'status': 1,
 'title': '研究成果登上世界顶级学术期刊 兴义籍29岁科研学者聚焦快乐神经递质',
 'update_time': 1660709416,
 'url': 'http://jgz.app.todayguizhou.com//news/news-news_detail-news_id-11515115966110.html'}
2022-08-17 12:10:17 [urllib3.connectionpool] DEBUG: Starting new HTTPS connection (1): www.tangwei.cc:443
2022-08-17 12:10:18 [urllib3.connectionpool] DEBUG: https://www.tangwei.cc:443 "POST /api/receive_tianyanhot HTTP/1.1" 404 None
2022-08-17 12:10:18 [scrapy.core.scraper] DEBUG: Scraped from <200 https://jgz.app.todayguizhou.com/appAPI/index.php?act=special_column&op=index&special_column_id=11515115722490>
{'add_time': 1660709417,
 'img': 'http://img.jgz.app.todayguizhou.com//data/upload/202208/16/16606553367026.jpg',
 'news_views': '4670',
 'status': 1,
 'title': '省青企协第九次会员代表大会和省农青协第三次会员代表大会在贵阳开幕',
 'update_time': 1660709417,
 'url': 'http://jgz.app.todayguizhou.com//news/news-news_detail-news_id-11515115966213.html'}
2022-08-17 12:10:18 [urllib3.connectionpool] DEBUG: Starting new HTTPS connection (1): www.tangwei.cc:443
2022-08-17 12:10:19 [urllib3.connectionpool] DEBUG: https://www.tangwei.cc:443 "POST /api/receive_tianyanhot HTTP/1.1" 404 None
2022-08-17 12:10:19 [scrapy.core.scraper] DEBUG: Scraped from <200 https://jgz.app.todayguizhou.com/appAPI/index.php?act=special_column&op=index&special_column_id=11515115722490>
{'add_time': 1660709418,
 'img': 'http://img.jgz.app.todayguizhou.com//data/upload/202208/16/16606530437078.jpg',
 'news_views': '4324',
 'status': 1,
 'title': '瓮安都匀两地疫情防控相关工作正扎实开展，物资储备充足',
 'update_time': 1660709418,
 'url': 'http://jgz.app.todayguizhou.com//news/news-news_detail-news_id-11515115966180.html'}
2022-08-17 12:10:19 [urllib3.connectionpool] DEBUG: Starting new HTTPS connection (1): www.tangwei.cc:443
2022-08-17 12:10:21 [urllib3.connectionpool] DEBUG: https://www.tangwei.cc:443 "POST /api/receive_tianyanhot HTTP/1.1" 404 None
2022-08-17 12:10:21 [scrapy.core.scraper] DEBUG: Scraped from <200 https://jgz.app.todayguizhou.com/appAPI/index.php?act=special_column&op=index&special_column_id=11515115722490>
{'add_time': 1660709419,
 'img': 'http://img.jgz.app.todayguizhou.com//data/upload/202208/16/16606351994750.jpg',
 'news_views': '3917',
 'status': 1,
 'title': '借力全国专业资源，共促贵州学前教育优质发展',
 'update_time': 1660709419,
 'url': 'http://jgz.app.todayguizhou.com//news/news-news_detail-news_id-11515115965821.html'}
2022-08-17 12:10:21 [urllib3.connectionpool] DEBUG: Starting new HTTPS connection (1): www.tangwei.cc:443
2022-08-17 12:10:22 [urllib3.connectionpool] DEBUG: https://www.tangwei.cc:443 "POST /api/receive_tianyanhot HTTP/1.1" 404 None
2022-08-17 12:10:22 [scrapy.core.scraper] DEBUG: Scraped from <200 https://jgz.app.todayguizhou.com/appAPI/index.php?act=special_column&op=index&special_column_id=11515115722490>
{'add_time': 1660709421,
 'img': 'http://img.jgz.app.todayguizhou.com//data/upload/202208/16/16606239277881.jpg',
 'news_views': '3866',
 'status': 1,
 'title': '省人大常委会党组举行第三季度理论学习中心组集中研讨会暨第9次会议',
 'update_time': 1660709421,
 'url': 'http://jgz.app.todayguizhou.com//news/news-news_detail-news_id-11515115965651.html'}
2022-08-17 12:10:22 [urllib3.connectionpool] DEBUG: Starting new HTTPS connection (1): www.tangwei.cc:443
2022-08-17 12:10:23 [urllib3.connectionpool] DEBUG: https://www.tangwei.cc:443 "POST /api/receive_tianyanhot HTTP/1.1" 404 None
2022-08-17 12:10:23 [scrapy.core.scraper] DEBUG: Scraped from <200 https://jgz.app.todayguizhou.com/appAPI/index.php?act=special_column&op=index&special_column_id=11515115722490>
{'add_time': 1660709422,
 'img': 'http://img.jgz.app.todayguizhou.com//data/upload/202208/17/16607009548812.jpg',
 'news_views': '3129',
 'status': 1,
 'title': '\u200b避暑·来贵州看山',
 'update_time': 1660709422,
 'url': 'http://jgz.app.todayguizhou.com//news/news-news_detail-news_id-11515115966133.html'}
2022-08-17 12:10:23 [urllib3.connectionpool] DEBUG: Starting new HTTPS connection (1): www.tangwei.cc:443
2022-08-17 12:10:24 [urllib3.connectionpool] DEBUG: https://www.tangwei.cc:443 "POST /api/receive_tianyanhot HTTP/1.1" 404 None
2022-08-17 12:10:24 [scrapy.core.scraper] DEBUG: Scraped from <200 https://jgz.app.todayguizhou.com/appAPI/index.php?act=special_column&op=index&special_column_id=11515115722490>
{'add_time': 1660709423,
 'img': 'http://img.jgz.app.todayguizhou.com//data/upload/202208/16/16606415466063.jpg',
 'news_views': '3014',
 'status': 1,
 'title': '@贵州高考生 速看！高职（专科）第2次征集志愿投档情况公布',
 'update_time': 1660709423,
 'url': 'http://jgz.app.todayguizhou.com//news/news-news_detail-news_id-11515115966016.html'}
2022-08-17 12:10:24 [urllib3.connectionpool] DEBUG: Starting new HTTPS connection (1): www.tangwei.cc:443
2022-08-17 12:10:25 [urllib3.connectionpool] DEBUG: https://www.tangwei.cc:443 "POST /api/receive_tianyanhot HTTP/1.1" 404 None
2022-08-17 12:10:25 [scrapy.core.scraper] DEBUG: Scraped from <200 https://jgz.app.todayguizhou.com/appAPI/index.php?act=special_column&op=index&special_column_id=11515115722490>
{'add_time': 1660709424,
 'img': 'http://img.jgz.app.todayguizhou.com//data/upload/202208/16/16606343779520.jpg',
 'news_views': '2730',
 'status': 1,
 'title': '奋发向未来 多彩更精彩 | 山地文化，美丽新农村的助推器',
 'update_time': 1660709424,
 'url': 'http://jgz.app.todayguizhou.com//news/news-news_detail-news_id-11515115965801.html'}
2022-08-17 12:10:25 [urllib3.connectionpool] DEBUG: Starting new HTTPS connection (1): www.tangwei.cc:443
2022-08-17 12:10:26 [urllib3.connectionpool] DEBUG: https://www.tangwei.cc:443 "POST /api/receive_tianyanhot HTTP/1.1" 404 None
2022-08-17 12:10:26 [scrapy.core.scraper] DEBUG: Scraped from <200 https://jgz.app.todayguizhou.com/appAPI/index.php?act=special_column&op=index&special_column_id=11515115722490>
{'add_time': 1660709425,
 'img': 'http://img.jgz.app.todayguizhou.com//data/upload/202208/16/16606521655592.jpg',
 'news_views': '2517',
 'status': 1,
 'title': '黔南州通报瓮安县和都匀市新冠肺炎两例无症状感染者情况',
 'update_time': 1660709425,
 'url': 'http://jgz.app.todayguizhou.com//news/news-news_detail-news_id-11515115966176.html'}
2022-08-17 12:10:26 [urllib3.connectionpool] DEBUG: Starting new HTTPS connection (1): www.tangwei.cc:443
2022-08-17 12:10:27 [urllib3.connectionpool] DEBUG: https://www.tangwei.cc:443 "POST /api/receive_tianyanhot HTTP/1.1" 404 None
2022-08-17 12:10:27 [scrapy.core.scraper] DEBUG: Scraped from <200 https://jgz.app.todayguizhou.com/appAPI/index.php?act=special_column&op=index&special_column_id=11515115722490>
{'add_time': 1660709426,
 'img': 'http://img.jgz.app.todayguizhou.com//data/upload/202208/16/16606489373266.jpg',
 'news_views': '2433',
 'status': 1,
 'title': '助企惠企促发展⑦丨安顺：政策红利持续加码 助力企业轻装上阵',
 'update_time': 1660709426,
 'url': 'http://jgz.app.todayguizhou.com//news/news-news_detail-news_id-11515115965991.html'}
2022-08-17 12:10:27 [scrapy.core.engine] INFO: Closing spider (finished)
2022-08-17 12:10:27 [scrapy.statscollectors] INFO: Dumping Scrapy stats:
{'downloader/request_bytes': 301,
 'downloader/request_count': 1,
 'downloader/request_method_count/GET': 1,
 'downloader/response_bytes': 7187,
 'downloader/response_count': 1,
 'downloader/response_status_count/200': 1,
 'elapsed_time_seconds': 12.849849,
 'finish_reason': 'finished',
 'finish_time': datetime.datetime(2022, 8, 17, 4, 10, 27, 395386),
 'item_scraped_count': 10,
 'log_count/DEBUG': 31,
 'log_count/INFO': 10,
 'log_count/WARNING': 1,
 'memusage/max': 68644864,
 'memusage/startup': 68644864,
 'response_received_count': 1,
 'scheduler/dequeued': 1,
 'scheduler/dequeued/memory': 1,
 'scheduler/enqueued': 1,
 'scheduler/enqueued/memory': 1,
 'start_time': datetime.datetime(2022, 8, 17, 4, 10, 14, 545537)}
2022-08-17 12:10:27 [scrapy.core.engine] INFO: Spider closed (finished)
