2022-08-17 10:40:12 [scrapy.utils.log] INFO: Scrapy 2.5.1 started (bot: tianyanhot)
2022-08-17 10:40:13 [scrapy.utils.log] INFO: Versions: lxml 4.7.1.0, libxml2 2.9.12, cssselect 1.1.0, parsel 1.6.0, w3lib 1.22.0, Twisted 21.7.0, Python 3.8.12 | packaged by conda-forge | (default, Oct 12 2021, 23:40:23) - [GCC 9.4.0], pyOpenSSL 21.0.0 (OpenSSL 1.1.1m  14 Dec 2021), cryptography 36.0.1, Platform Linux-5.4.0-1060-raspi-aarch64-with-glibc2.17
2022-08-17 10:40:13 [scrapy.utils.log] DEBUG: Using reactor: twisted.internet.epollreactor.EPollReactor
2022-08-17 10:40:13 [scrapy.crawler] INFO: Overridden settings:
{'BOT_NAME': 'tianyanhot',
 'DOWNLOAD_DELAY': 5,
 'FEED_EXPORT_ENCODING': 'utf-8',
 'LOG_FILE': 'logs/tianyanhot/tianyan/e3789f041dd511edad69ed3bac0f783f.log',
 'NEWSPIDER_MODULE': 'tianyanhot.spiders',
 'SPIDER_MODULES': ['tianyanhot.spiders']}
2022-08-17 10:40:13 [scrapy.extensions.telnet] INFO: Telnet Password: 7695e20a0699a552
2022-08-17 10:40:13 [scrapy.middleware] INFO: Enabled extensions:
['scrapy.extensions.corestats.CoreStats',
 'scrapy.extensions.telnet.TelnetConsole',
 'scrapy.extensions.memusage.MemoryUsage',
 'scrapy.extensions.logstats.LogStats']
2022-08-17 10:40:13 [root] WARNING: =================== Tianyan News ====================
2022-08-17 10:40:14 [scrapy.middleware] INFO: Enabled downloader middlewares:
['scrapy.downloadermiddlewares.httpauth.HttpAuthMiddleware',
 'scrapy.downloadermiddlewares.downloadtimeout.DownloadTimeoutMiddleware',
 'scrapy.downloadermiddlewares.defaultheaders.DefaultHeadersMiddleware',
 'scrapy.downloadermiddlewares.useragent.UserAgentMiddleware',
 'scrapy.downloadermiddlewares.retry.RetryMiddleware',
 'scrapy.downloadermiddlewares.redirect.MetaRefreshMiddleware',
 'scrapy.downloadermiddlewares.httpcompression.HttpCompressionMiddleware',
 'scrapy.downloadermiddlewares.redirect.RedirectMiddleware',
 'scrapy.downloadermiddlewares.cookies.CookiesMiddleware',
 'scrapy.downloadermiddlewares.httpproxy.HttpProxyMiddleware',
 'scrapy.downloadermiddlewares.stats.DownloaderStats']
2022-08-17 10:40:14 [scrapy.middleware] INFO: Enabled spider middlewares:
['scrapy.spidermiddlewares.httperror.HttpErrorMiddleware',
 'scrapy.spidermiddlewares.offsite.OffsiteMiddleware',
 'scrapy.spidermiddlewares.referer.RefererMiddleware',
 'scrapy.spidermiddlewares.urllength.UrlLengthMiddleware',
 'scrapy.spidermiddlewares.depth.DepthMiddleware']
2022-08-17 10:40:14 [scrapy.middleware] INFO: Enabled item pipelines:
['tianyanhot.pipelines.MongodbPipeline', 'tianyanhot.pipelines.SendCloudMsg']
2022-08-17 10:40:14 [scrapy.core.engine] INFO: Spider opened
2022-08-17 10:40:14 [scrapy.extensions.logstats] INFO: Crawled 0 pages (at 0 pages/min), scraped 0 items (at 0 items/min)
2022-08-17 10:40:14 [scrapy.extensions.telnet] INFO: Telnet console listening on 127.0.0.1:6023
2022-08-17 10:40:16 [scrapy.core.engine] DEBUG: Crawled (200) <GET https://jgz.app.todayguizhou.com/appAPI/index.php?act=special_column&op=index&special_column_id=11515115722490> (referer: None)
2022-08-17 10:40:16 [urllib3.connectionpool] DEBUG: Starting new HTTPS connection (1): www.tangwei.cc:443
2022-08-17 10:40:17 [urllib3.connectionpool] DEBUG: https://www.tangwei.cc:443 "POST /api/receive_tianyanhot HTTP/1.1" 502 182
2022-08-17 10:40:17 [scrapy.core.scraper] DEBUG: Scraped from <200 https://jgz.app.todayguizhou.com/appAPI/index.php?act=special_column&op=index&special_column_id=11515115722490>
{'add_time': 1660704016,
 'img': 'http://img.jgz.app.todayguizhou.com//data/upload/202208/16/16606450016860.jpg',
 'news_views': '4758',
 'status': 1,
 'title': '研究成果登上世界顶级学术期刊 兴义籍29岁科研学者聚焦快乐神经递质',
 'update_time': 1660704016,
 'url': 'http://jgz.app.todayguizhou.com//news/news-news_detail-news_id-11515115966110.html'}
2022-08-17 10:40:17 [urllib3.connectionpool] DEBUG: Starting new HTTPS connection (1): www.tangwei.cc:443
2022-08-17 10:40:18 [urllib3.connectionpool] DEBUG: https://www.tangwei.cc:443 "POST /api/receive_tianyanhot HTTP/1.1" 502 182
2022-08-17 10:40:18 [scrapy.core.scraper] DEBUG: Scraped from <200 https://jgz.app.todayguizhou.com/appAPI/index.php?act=special_column&op=index&special_column_id=11515115722490>
{'add_time': 1660704017,
 'img': 'http://img.jgz.app.todayguizhou.com//data/upload/202208/16/16606553367026.jpg',
 'news_views': '4552',
 'status': 1,
 'title': '省青企协第九次会员代表大会和省农青协第三次会员代表大会在贵阳开幕',
 'update_time': 1660704017,
 'url': 'http://jgz.app.todayguizhou.com//news/news-news_detail-news_id-11515115966213.html'}
2022-08-17 10:40:18 [urllib3.connectionpool] DEBUG: Starting new HTTPS connection (1): www.tangwei.cc:443
2022-08-17 10:40:20 [urllib3.connectionpool] DEBUG: https://www.tangwei.cc:443 "POST /api/receive_tianyanhot HTTP/1.1" 502 182
2022-08-17 10:40:20 [scrapy.core.scraper] DEBUG: Scraped from <200 https://jgz.app.todayguizhou.com/appAPI/index.php?act=special_column&op=index&special_column_id=11515115722490>
{'add_time': 1660704018,
 'img': 'http://img.jgz.app.todayguizhou.com//data/upload/202208/16/16606206989463.jpg',
 'news_views': '4478',
 'status': 1,
 'title': '普定：“甜蜜产业”助力乡村振兴',
 'update_time': 1660704018,
 'url': 'http://jgz.app.todayguizhou.com//news/news-news_detail-news_id-11515115965605.html'}
2022-08-17 10:40:20 [urllib3.connectionpool] DEBUG: Starting new HTTPS connection (1): www.tangwei.cc:443
2022-08-17 10:40:21 [urllib3.connectionpool] DEBUG: https://www.tangwei.cc:443 "POST /api/receive_tianyanhot HTTP/1.1" 502 182
2022-08-17 10:40:21 [scrapy.core.scraper] DEBUG: Scraped from <200 https://jgz.app.todayguizhou.com/appAPI/index.php?act=special_column&op=index&special_column_id=11515115722490>
{'add_time': 1660704020,
 'img': 'http://img.jgz.app.todayguizhou.com//data/upload/202208/16/16606530437078.jpg',
 'news_views': '4167',
 'status': 1,
 'title': '瓮安都匀两地疫情防控相关工作正扎实开展，物资储备充足',
 'update_time': 1660704020,
 'url': 'http://jgz.app.todayguizhou.com//news/news-news_detail-news_id-11515115966180.html'}
2022-08-17 10:40:21 [urllib3.connectionpool] DEBUG: Starting new HTTPS connection (1): www.tangwei.cc:443
2022-08-17 10:40:22 [urllib3.connectionpool] DEBUG: https://www.tangwei.cc:443 "POST /api/receive_tianyanhot HTTP/1.1" 502 182
2022-08-17 10:40:22 [scrapy.core.scraper] DEBUG: Scraped from <200 https://jgz.app.todayguizhou.com/appAPI/index.php?act=special_column&op=index&special_column_id=11515115722490>
{'add_time': 1660704021,
 'img': 'http://img.jgz.app.todayguizhou.com//data/upload/202208/16/16606208117759.jpg',
 'news_views': '4093',
 'status': 1,
 'title': 'super idol的笑容都没这里的猕猴桃甜',
 'update_time': 1660704021,
 'url': 'http://jgz.app.todayguizhou.com//news/news-news_detail-news_id-11515115965616.html'}
2022-08-17 10:40:22 [urllib3.connectionpool] DEBUG: Starting new HTTPS connection (1): www.tangwei.cc:443
2022-08-17 10:40:23 [urllib3.connectionpool] DEBUG: https://www.tangwei.cc:443 "POST /api/receive_tianyanhot HTTP/1.1" 502 182
2022-08-17 10:40:23 [scrapy.core.scraper] DEBUG: Scraped from <200 https://jgz.app.todayguizhou.com/appAPI/index.php?act=special_column&op=index&special_column_id=11515115722490>
{'add_time': 1660704022,
 'img': 'http://img.jgz.app.todayguizhou.com//data/upload/202208/16/16606205791058.jpg',
 'news_views': '4055',
 'status': 1,
 'title': '当好群众“守夜人”！普定公安开展夏夜治安巡查宣防第二轮集中统一行动',
 'update_time': 1660704022,
 'url': 'http://jgz.app.todayguizhou.com//news/news-news_detail-news_id-11515115965600.html'}
2022-08-17 10:40:23 [urllib3.connectionpool] DEBUG: Starting new HTTPS connection (1): www.tangwei.cc:443
2022-08-17 10:40:24 [urllib3.connectionpool] DEBUG: https://www.tangwei.cc:443 "POST /api/receive_tianyanhot HTTP/1.1" 502 182
2022-08-17 10:40:24 [scrapy.core.scraper] DEBUG: Scraped from <200 https://jgz.app.todayguizhou.com/appAPI/index.php?act=special_column&op=index&special_column_id=11515115722490>
{'add_time': 1660704023,
 'img': 'http://img.jgz.app.todayguizhou.com//data/upload/202208/16/16606351994750.jpg',
 'news_views': '3880',
 'status': 1,
 'title': '借力全国专业资源，共促贵州学前教育优质发展',
 'update_time': 1660704023,
 'url': 'http://jgz.app.todayguizhou.com//news/news-news_detail-news_id-11515115965821.html'}
2022-08-17 10:40:24 [urllib3.connectionpool] DEBUG: Starting new HTTPS connection (1): www.tangwei.cc:443
2022-08-17 10:40:25 [urllib3.connectionpool] DEBUG: https://www.tangwei.cc:443 "POST /api/receive_tianyanhot HTTP/1.1" 502 182
2022-08-17 10:40:25 [scrapy.core.scraper] DEBUG: Scraped from <200 https://jgz.app.todayguizhou.com/appAPI/index.php?act=special_column&op=index&special_column_id=11515115722490>
{'add_time': 1660704024,
 'img': 'http://img.jgz.app.todayguizhou.com//data/upload/202208/16/16606239277881.jpg',
 'news_views': '3865',
 'status': 1,
 'title': '省人大常委会党组举行第三季度理论学习中心组集中研讨会暨第9次会议',
 'update_time': 1660704024,
 'url': 'http://jgz.app.todayguizhou.com//news/news-news_detail-news_id-11515115965651.html'}
2022-08-17 10:40:25 [urllib3.connectionpool] DEBUG: Starting new HTTPS connection (1): www.tangwei.cc:443
2022-08-17 10:40:26 [urllib3.connectionpool] DEBUG: https://www.tangwei.cc:443 "POST /api/receive_tianyanhot HTTP/1.1" 502 182
2022-08-17 10:40:26 [scrapy.core.scraper] DEBUG: Scraped from <200 https://jgz.app.todayguizhou.com/appAPI/index.php?act=special_column&op=index&special_column_id=11515115722490>
{'add_time': 1660704025,
 'img': 'http://img.jgz.app.todayguizhou.com//data/upload/202208/17/16607009548812.jpg',
 'news_views': '3083',
 'status': 1,
 'title': '\u200b避暑·来贵州看山',
 'update_time': 1660704025,
 'url': 'http://jgz.app.todayguizhou.com//news/news-news_detail-news_id-11515115966133.html'}
2022-08-17 10:40:26 [urllib3.connectionpool] DEBUG: Starting new HTTPS connection (1): www.tangwei.cc:443
2022-08-17 10:40:27 [urllib3.connectionpool] DEBUG: https://www.tangwei.cc:443 "POST /api/receive_tianyanhot HTTP/1.1" 502 182
2022-08-17 10:40:27 [scrapy.core.scraper] DEBUG: Scraped from <200 https://jgz.app.todayguizhou.com/appAPI/index.php?act=special_column&op=index&special_column_id=11515115722490>
{'add_time': 1660704026,
 'img': 'http://img.jgz.app.todayguizhou.com//data/upload/202208/16/16606415466063.jpg',
 'news_views': '2940',
 'status': 1,
 'title': '@贵州高考生 速看！高职（专科）第2次征集志愿投档情况公布',
 'update_time': 1660704026,
 'url': 'http://jgz.app.todayguizhou.com//news/news-news_detail-news_id-11515115966016.html'}
2022-08-17 10:40:27 [scrapy.core.engine] INFO: Closing spider (finished)
2022-08-17 10:40:27 [scrapy.statscollectors] INFO: Dumping Scrapy stats:
{'downloader/request_bytes': 301,
 'downloader/request_count': 1,
 'downloader/request_method_count/GET': 1,
 'downloader/response_bytes': 7279,
 'downloader/response_count': 1,
 'downloader/response_status_count/200': 1,
 'elapsed_time_seconds': 12.920466,
 'finish_reason': 'finished',
 'finish_time': datetime.datetime(2022, 8, 17, 2, 40, 27, 159531),
 'item_scraped_count': 10,
 'log_count/DEBUG': 31,
 'log_count/INFO': 10,
 'log_count/WARNING': 1,
 'memusage/max': 68608000,
 'memusage/startup': 68608000,
 'response_received_count': 1,
 'scheduler/dequeued': 1,
 'scheduler/dequeued/memory': 1,
 'scheduler/enqueued': 1,
 'scheduler/enqueued/memory': 1,
 'start_time': datetime.datetime(2022, 8, 17, 2, 40, 14, 239065)}
2022-08-17 10:40:27 [scrapy.core.engine] INFO: Spider closed (finished)
